mode: count
dupclean/diskanalyzer/analyze.go:17.58,18.40 1 0
dupclean/diskanalyzer/analyze.go:18.40,20.3 1 0
dupclean/diskanalyzer/analyze.go:21.2,21.28 1 0
dupclean/diskanalyzer/analyze.go:25.55,32.36 2 0
dupclean/diskanalyzer/analyze.go:32.36,34.16 2 0
dupclean/diskanalyzer/analyze.go:34.16,36.4 1 0
dupclean/diskanalyzer/analyze.go:37.3,40.24 4 0
dupclean/diskanalyzer/analyze.go:44.2,45.31 2 0
dupclean/diskanalyzer/analyze.go:45.31,47.27 2 0
dupclean/diskanalyzer/analyze.go:47.27,49.4 1 0
dupclean/diskanalyzer/analyze.go:50.3,55.5 1 0
dupclean/diskanalyzer/analyze.go:59.2,59.49 1 0
dupclean/diskanalyzer/analyze.go:59.49,60.33 1 0
dupclean/diskanalyzer/analyze.go:60.33,62.4 1 0
dupclean/diskanalyzer/analyze.go:63.3,63.11 1 0
dupclean/diskanalyzer/analyze.go:66.2,66.14 1 0
dupclean/diskanalyzer/analyze.go:71.76,75.36 3 0
dupclean/diskanalyzer/analyze.go:75.36,76.52 1 0
dupclean/diskanalyzer/analyze.go:76.52,78.4 1 0
dupclean/diskanalyzer/analyze.go:81.2,81.12 1 0
dupclean/diskanalyzer/analyze.go:85.60,90.28 3 0
dupclean/diskanalyzer/analyze.go:90.28,92.39 2 0
dupclean/diskanalyzer/analyze.go:92.39,94.4 1 0
dupclean/diskanalyzer/analyze.go:96.2,99.47 2 0
dupclean/diskanalyzer/analyze.go:99.47,100.33 1 0
dupclean/diskanalyzer/analyze.go:100.33,102.4 1 0
dupclean/diskanalyzer/analyze.go:103.3,103.11 1 0
dupclean/diskanalyzer/analyze.go:106.2,106.18 1 0
dupclean/diskanalyzer/analyze.go:106.18,108.3 1 0
dupclean/diskanalyzer/analyze.go:109.2,109.12 1 0
dupclean/diskanalyzer/analyze.go:109.12,111.3 1 0
dupclean/diskanalyzer/analyze.go:112.2,112.16 1 0
dupclean/diskanalyzer/analyze.go:117.47,119.18 2 3
dupclean/diskanalyzer/analyze.go:119.18,122.3 2 3
dupclean/diskanalyzer/analyze.go:124.2,125.13 2 3
dupclean/diskanalyzer/export.go:10.60,14.2 3 3
dupclean/diskanalyzer/export.go:17.66,19.2 1 1
dupclean/diskanalyzer/export.go:22.67,25.2 2 1
dupclean/diskanalyzer/model.go:36.42,42.2 1 1
dupclean/diskanalyzer/render_cli.go:21.57,22.21 1 0
dupclean/diskanalyzer/render_cli.go:22.21,24.3 1 0
dupclean/diskanalyzer/render_cli.go:27.2,31.17 4 0
dupclean/diskanalyzer/render_cli.go:31.17,34.3 2 0
dupclean/diskanalyzer/render_cli.go:36.2,36.19 1 0
dupclean/diskanalyzer/render_cli.go:36.19,39.3 2 0
dupclean/diskanalyzer/render_cli.go:41.2,41.24 1 0
dupclean/diskanalyzer/render_cli.go:41.24,44.3 2 0
dupclean/diskanalyzer/render_cli.go:47.2,47.58 1 0
dupclean/diskanalyzer/render_cli.go:51.70,52.22 1 0
dupclean/diskanalyzer/render_cli.go:52.22,54.3 1 0
dupclean/diskanalyzer/render_cli.go:57.2,66.31 4 0
dupclean/diskanalyzer/render_cli.go:66.31,68.3 1 0
dupclean/diskanalyzer/render_cli.go:69.2,69.34 1 0
dupclean/diskanalyzer/render_cli.go:69.34,71.3 1 0
dupclean/diskanalyzer/render_cli.go:74.2,74.40 1 0
dupclean/diskanalyzer/render_cli.go:74.40,76.3 1 0
dupclean/diskanalyzer/render_cli.go:78.2,78.29 1 0
dupclean/diskanalyzer/render_cli.go:78.29,94.17 5 0
dupclean/diskanalyzer/render_cli.go:94.17,95.36 1 0
dupclean/diskanalyzer/render_cli.go:95.36,96.32 1 0
dupclean/diskanalyzer/render_cli.go:96.32,98.11 2 0
dupclean/diskanalyzer/render_cli.go:106.52,112.26 4 0
dupclean/diskanalyzer/render_cli.go:112.26,114.3 1 0
dupclean/diskanalyzer/render_cli.go:118.43,123.26 4 0
dupclean/diskanalyzer/render_cli.go:123.26,127.3 2 0
dupclean/diskanalyzer/render_cli.go:131.70,134.21 2 0
dupclean/diskanalyzer/render_cli.go:134.21,137.3 2 0
dupclean/diskanalyzer/render_cli.go:139.2,142.26 3 0
dupclean/diskanalyzer/render_cli.go:142.26,143.14 1 0
dupclean/diskanalyzer/render_cli.go:143.14,145.9 2 0
dupclean/diskanalyzer/render_cli.go:147.3,147.77 1 0
dupclean/diskanalyzer/render_cli.go:152.52,153.16 1 2
dupclean/diskanalyzer/render_cli.go:153.16,155.3 1 0
dupclean/diskanalyzer/render_cli.go:157.2,159.20 3 2
dupclean/diskanalyzer/render_cli.go:159.20,161.3 1 0
dupclean/diskanalyzer/render_cli.go:163.2,164.12 2 2
dupclean/diskanalyzer/treemap.go:21.59,22.21 1 6
dupclean/diskanalyzer/treemap.go:22.21,24.3 1 3
dupclean/diskanalyzer/treemap.go:27.2,29.41 3 3
dupclean/diskanalyzer/treemap.go:29.41,31.3 1 3
dupclean/diskanalyzer/treemap.go:34.2,35.27 2 3
dupclean/diskanalyzer/treemap.go:35.27,37.3 1 6
dupclean/diskanalyzer/treemap.go:39.2,39.20 1 3
dupclean/diskanalyzer/treemap.go:39.20,41.3 1 0
dupclean/diskanalyzer/treemap.go:44.2,48.27 3 3
dupclean/diskanalyzer/treemap.go:48.27,50.3 1 3
dupclean/diskanalyzer/treemap.go:52.2,52.15 1 3
dupclean/diskanalyzer/treemap.go:56.78,57.21 1 3
dupclean/diskanalyzer/treemap.go:57.21,59.3 1 0
dupclean/diskanalyzer/treemap.go:61.2,66.66 4 3
dupclean/diskanalyzer/treemap.go:66.66,67.34 1 12
dupclean/diskanalyzer/treemap.go:67.34,69.4 1 3
dupclean/diskanalyzer/treemap.go:72.3,73.27 2 9
dupclean/diskanalyzer/treemap.go:73.27,76.4 2 9
dupclean/diskanalyzer/treemap.go:76.9,79.4 2 0
dupclean/diskanalyzer/treemap.go:81.3,81.31 1 9
dupclean/diskanalyzer/treemap.go:81.31,83.4 1 0
dupclean/diskanalyzer/treemap.go:86.3,88.28 3 9
dupclean/diskanalyzer/treemap.go:88.28,91.28 3 14
dupclean/diskanalyzer/treemap.go:91.28,94.5 2 14
dupclean/diskanalyzer/treemap.go:94.10,97.5 2 0
dupclean/diskanalyzer/treemap.go:99.4,100.21 2 14
dupclean/diskanalyzer/treemap.go:100.21,102.5 1 9
dupclean/diskanalyzer/treemap.go:105.3,105.15 1 9
dupclean/diskanalyzer/treemap.go:109.2,109.79 1 3
dupclean/diskanalyzer/treemap.go:109.79,110.20 1 3
dupclean/diskanalyzer/treemap.go:110.20,112.4 1 0
dupclean/diskanalyzer/treemap.go:114.3,117.27 3 3
dupclean/diskanalyzer/treemap.go:117.27,122.29 3 3
dupclean/diskanalyzer/treemap.go:122.29,134.5 3 6
dupclean/diskanalyzer/treemap.go:135.9,140.29 3 0
dupclean/diskanalyzer/treemap.go:140.29,152.5 3 0
dupclean/diskanalyzer/treemap.go:155.3,155.20 1 3
dupclean/diskanalyzer/treemap.go:159.2,162.30 3 3
dupclean/diskanalyzer/treemap.go:162.30,171.54 6 6
dupclean/diskanalyzer/treemap.go:171.54,177.46 3 0
dupclean/diskanalyzer/treemap.go:177.46,181.5 3 0
dupclean/diskanalyzer/treemap.go:181.10,185.5 3 0
dupclean/diskanalyzer/treemap.go:188.4,189.22 2 0
dupclean/diskanalyzer/treemap.go:190.9,195.4 3 6
dupclean/diskanalyzer/treemap.go:199.2,199.25 1 3
dupclean/diskanalyzer/treemap.go:199.25,202.3 2 3
dupclean/diskanalyzer/treemap.go:204.2,204.13 1 3
dupclean/diskanalyzer/treemap.go:209.75,210.18 1 3
dupclean/diskanalyzer/treemap.go:210.18,212.3 1 0
dupclean/diskanalyzer/treemap.go:215.2,216.38 2 3
dupclean/diskanalyzer/treemap.go:216.38,217.26 1 2
dupclean/diskanalyzer/treemap.go:217.26,219.4 1 2
dupclean/diskanalyzer/treemap.go:222.2,225.18 2 3
dupclean/diskanalyzer/treemap.go:225.18,226.34 1 3
dupclean/diskanalyzer/treemap.go:226.34,235.48 7 2
dupclean/diskanalyzer/treemap.go:235.48,238.5 2 2
dupclean/diskanalyzer/treemap.go:242.2,242.16 1 3
dupclean/diskanalyzer/treemap.go:246.46,259.2 3 3
dupclean/diskanalyzer/walker.go:37.35,47.2 1 1
dupclean/diskanalyzer/walker.go:60.76,61.27 1 0
dupclean/diskanalyzer/walker.go:61.27,63.3 1 0
dupclean/diskanalyzer/walker.go:65.2,70.16 4 0
dupclean/diskanalyzer/walker.go:70.16,72.3 1 0
dupclean/diskanalyzer/walker.go:73.2,77.16 3 0
dupclean/diskanalyzer/walker.go:77.16,79.3 1 0
dupclean/diskanalyzer/walker.go:82.2,86.50 3 0
dupclean/diskanalyzer/walker.go:86.50,88.3 1 0
dupclean/diskanalyzer/walker.go:90.2,94.28 3 0
dupclean/diskanalyzer/walker.go:94.28,96.16 2 0
dupclean/diskanalyzer/walker.go:96.16,98.4 1 0
dupclean/diskanalyzer/walker.go:99.3,99.38 1 0
dupclean/diskanalyzer/walker.go:102.2,102.32 1 0
dupclean/diskanalyzer/walker.go:109.76,125.40 9 4
dupclean/diskanalyzer/walker.go:125.40,127.13 2 8
dupclean/diskanalyzer/walker.go:127.13,129.25 2 8
dupclean/diskanalyzer/walker.go:129.25,131.19 2 240
dupclean/diskanalyzer/walker.go:131.19,133.14 2 0
dupclean/diskanalyzer/walker.go:137.5,137.64 1 240
dupclean/diskanalyzer/walker.go:137.64,138.14 1 0
dupclean/diskanalyzer/walker.go:142.5,142.50 1 240
dupclean/diskanalyzer/walker.go:142.50,144.47 2 240
dupclean/diskanalyzer/walker.go:144.47,146.15 2 0
dupclean/diskanalyzer/walker.go:148.6,149.22 2 240
dupclean/diskanalyzer/walker.go:153.5,153.67 1 240
dupclean/diskanalyzer/walker.go:153.67,154.14 1 0
dupclean/diskanalyzer/walker.go:158.5,158.35 1 240
dupclean/diskanalyzer/walker.go:158.35,159.14 1 100
dupclean/diskanalyzer/walker.go:163.5,164.47 2 140
dupclean/diskanalyzer/walker.go:164.47,165.69 1 0
dupclean/diskanalyzer/walker.go:165.69,167.12 2 0
dupclean/diskanalyzer/walker.go:170.5,170.17 1 140
dupclean/diskanalyzer/walker.go:170.17,171.14 1 0
dupclean/diskanalyzer/walker.go:174.5,182.6 1 140
dupclean/diskanalyzer/walker.go:188.2,188.12 1 4
dupclean/diskanalyzer/walker.go:188.12,190.86 2 4
dupclean/diskanalyzer/walker.go:190.86,191.18 1 249
dupclean/diskanalyzer/walker.go:191.18,194.5 1 0
dupclean/diskanalyzer/walker.go:197.4,197.65 1 249
dupclean/diskanalyzer/walker.go:197.65,198.18 1 0
dupclean/diskanalyzer/walker.go:198.18,200.6 1 0
dupclean/diskanalyzer/walker.go:201.5,201.15 1 0
dupclean/diskanalyzer/walker.go:205.4,205.76 1 249
dupclean/diskanalyzer/walker.go:205.76,207.5 1 0
dupclean/diskanalyzer/walker.go:210.4,210.60 1 249
dupclean/diskanalyzer/walker.go:210.60,212.5 1 0
dupclean/diskanalyzer/walker.go:214.4,214.18 1 249
dupclean/diskanalyzer/walker.go:214.18,216.5 1 240
dupclean/diskanalyzer/walker.go:217.4,217.14 1 249
dupclean/diskanalyzer/walker.go:218.18,220.4 1 0
dupclean/diskanalyzer/walker.go:221.3,221.15 1 4
dupclean/diskanalyzer/walker.go:225.2,225.12 1 4
dupclean/diskanalyzer/walker.go:225.12,228.3 2 4
dupclean/diskanalyzer/walker.go:231.2,231.25 1 4
dupclean/diskanalyzer/walker.go:231.25,232.19 1 140
dupclean/diskanalyzer/walker.go:232.19,234.4 1 0
dupclean/diskanalyzer/walker.go:234.9,236.60 1 140
dupclean/diskanalyzer/walker.go:236.60,237.13 1 55
dupclean/diskanalyzer/walker.go:239.4,240.16 2 85
dupclean/diskanalyzer/walker.go:245.2,245.41 1 4
dupclean/diskanalyzer/walker.go:245.41,247.3 1 0
dupclean/diskanalyzer/walker.go:249.2,249.29 1 4
dupclean/diskanalyzer/walker.go:253.72,256.28 2 0
dupclean/diskanalyzer/walker.go:256.28,259.3 2 0
dupclean/diskanalyzer/walker.go:262.2,263.28 2 0
dupclean/diskanalyzer/walker.go:263.28,266.64 2 0
dupclean/diskanalyzer/walker.go:266.64,268.4 1 0
dupclean/diskanalyzer/walker.go:272.2,273.24 2 0
dupclean/diskanalyzer/walker.go:273.24,279.3 1 0
dupclean/diskanalyzer/walker.go:282.2,282.35 1 0
dupclean/diskanalyzer/walker.go:282.35,283.33 1 0
dupclean/diskanalyzer/walker.go:283.33,285.4 1 0
dupclean/diskanalyzer/walker.go:289.2,290.17 2 0
dupclean/diskanalyzer/walker.go:290.17,297.3 2 0
dupclean/diskanalyzer/walker.go:299.2,299.31 1 0
dupclean/diskanalyzer/walker.go:299.31,300.22 1 0
dupclean/diskanalyzer/walker.go:300.22,301.12 1 0
dupclean/diskanalyzer/walker.go:303.3,304.41 2 0
dupclean/diskanalyzer/walker.go:304.41,307.4 2 0
dupclean/diskanalyzer/walker.go:310.2,310.18 1 0
dupclean/diskanalyzer/walker.go:314.28,315.17 1 0
dupclean/diskanalyzer/walker.go:315.17,317.3 1 0
dupclean/diskanalyzer/walker.go:318.2,318.38 1 0
dupclean/diskanalyzer/walker.go:318.38,321.3 2 0
dupclean/diskanalyzer/walker.go:322.2,322.31 1 0
dupclean/diskanalyzer/walker.go:322.31,324.3 1 0
dupclean/diskanalyzer/walker.go:328.32,330.2 1 4
dupclean/internal/fsutil/inode_unix.go:11.58,12.49 1 0
dupclean/internal/fsutil/inode_unix.go:12.49,14.3 1 0
dupclean/internal/fsutil/inode_unix.go:15.2,15.17 1 0
dupclean/internal/fsutil/measure.go:27.95,39.82 5 12
dupclean/internal/fsutil/measure.go:39.82,40.17 1 51
dupclean/internal/fsutil/measure.go:40.17,42.4 1 1
dupclean/internal/fsutil/measure.go:45.3,45.19 1 50
dupclean/internal/fsutil/measure.go:45.19,47.4 1 11
dupclean/internal/fsutil/measure.go:49.3,50.17 2 39
dupclean/internal/fsutil/measure.go:50.17,52.4 1 0
dupclean/internal/fsutil/measure.go:55.3,55.49 1 39
dupclean/internal/fsutil/measure.go:55.49,57.4 1 1
dupclean/internal/fsutil/measure.go:60.3,61.25 2 38
dupclean/internal/fsutil/measure.go:61.25,63.4 1 20
dupclean/internal/fsutil/measure.go:63.9,64.37 1 18
dupclean/internal/fsutil/measure.go:64.37,65.53 1 21
dupclean/internal/fsutil/measure.go:65.53,67.11 2 8
dupclean/internal/fsutil/measure.go:72.3,72.16 1 38
dupclean/internal/fsutil/measure.go:72.16,74.15 2 3
dupclean/internal/fsutil/measure.go:74.15,76.5 1 3
dupclean/internal/fsutil/measure.go:77.9,78.15 1 35
dupclean/internal/fsutil/measure.go:78.15,87.5 3 25
dupclean/internal/fsutil/measure.go:91.3,92.7 2 38
dupclean/internal/fsutil/measure.go:92.7,94.73 2 43
dupclean/internal/fsutil/measure.go:94.73,95.10 1 38
dupclean/internal/fsutil/measure.go:97.4,97.33 1 5
dupclean/internal/fsutil/measure.go:100.3,100.13 1 38
dupclean/internal/fsutil/measure.go:104.2,104.40 1 12
dupclean/internal/fsutil/measure.go:104.40,105.14 1 3
dupclean/internal/fsutil/measure.go:105.14,112.4 1 3
dupclean/internal/fsutil/measure.go:115.2,115.20 1 12
dupclean/internal/fsutil/measure.go:119.49,121.79 2 3
dupclean/internal/fsutil/measure.go:121.79,122.17 1 11
dupclean/internal/fsutil/measure.go:122.17,124.4 1 0
dupclean/internal/fsutil/measure.go:125.3,126.17 2 11
dupclean/internal/fsutil/measure.go:126.17,128.4 1 0
dupclean/internal/fsutil/measure.go:129.3,130.13 2 11
dupclean/internal/fsutil/measure.go:132.2,132.19 1 3
dupclean/internal/fsutil/measure.go:136.51,138.16 2 3
dupclean/internal/fsutil/measure.go:138.16,140.3 1 1
dupclean/internal/fsutil/measure.go:142.2,147.8 1 2
dupclean/internal/fsutil/utils.go:11.34,12.11 1 9
dupclean/internal/fsutil/utils.go:12.11,14.3 1 1
dupclean/internal/fsutil/utils.go:15.2,16.14 2 8
dupclean/internal/fsutil/utils.go:16.14,18.3 1 2
dupclean/internal/fsutil/utils.go:20.2,23.72 4 6
dupclean/internal/fsutil/utils.go:23.72,26.3 2 15
dupclean/internal/fsutil/utils.go:27.2,27.59 1 6
dupclean/internal/fsutil/utils.go:31.53,32.13 1 0
dupclean/internal/fsutil/utils.go:32.13,34.3 1 0
dupclean/internal/fsutil/utils.go:35.2,35.31 1 0
dupclean/internal/fsutil/utils.go:35.31,38.17 3 0
dupclean/internal/fsutil/utils.go:38.17,40.4 1 0
dupclean/internal/fsutil/utils.go:41.3,41.51 1 0
dupclean/internal/fsutil/utils.go:43.2,43.30 1 0
dupclean/scanner/bktree.go:20.26,22.2 1 8
dupclean/scanner/bktree.go:25.41,26.23 1 13
dupclean/scanner/bktree.go:26.23,28.3 1 0
dupclean/scanner/bktree.go:30.2,30.19 1 13
dupclean/scanner/bktree.go:30.19,36.3 2 8
dupclean/scanner/bktree.go:38.2,39.6 2 5
dupclean/scanner/bktree.go:39.6,41.17 2 5
dupclean/scanner/bktree.go:41.17,44.4 1 0
dupclean/scanner/bktree.go:50.3,50.46 1 5
dupclean/scanner/bktree.go:50.46,52.4 1 0
dupclean/scanner/bktree.go:52.9,57.9 2 5
dupclean/scanner/bktree.go:63.85,64.34 1 10
dupclean/scanner/bktree.go:64.34,66.3 1 0
dupclean/scanner/bktree.go:68.2,71.21 3 10
dupclean/scanner/bktree.go:71.21,76.17 4 16
dupclean/scanner/bktree.go:76.17,77.12 1 0
dupclean/scanner/bktree.go:80.3,80.30 1 16
dupclean/scanner/bktree.go:80.30,82.4 1 15
dupclean/scanner/bktree.go:90.3,93.39 3 16
dupclean/scanner/bktree.go:93.39,94.30 1 9
dupclean/scanner/bktree.go:94.30,96.5 1 6
dupclean/scanner/bktree.go:100.2,100.16 1 10
dupclean/scanner/byte.go:15.36,19.2 1 30
dupclean/scanner/byte.go:22.92,25.2 1 30
dupclean/scanner/engine.go:15.142,20.16 4 51
dupclean/scanner/engine.go:20.16,22.3 1 47
dupclean/scanner/engine.go:24.2,25.22 2 51
dupclean/scanner/engine.go:25.22,27.3 1 51
dupclean/scanner/engine.go:30.2,34.97 4 51
dupclean/scanner/engine.go:34.97,37.52 2 428
dupclean/scanner/engine.go:37.52,38.25 1 6
dupclean/scanner/engine.go:38.25,40.5 1 3
dupclean/scanner/engine.go:42.3,42.43 1 425
dupclean/scanner/engine.go:42.43,44.4 1 4
dupclean/scanner/engine.go:45.3,45.14 1 421
dupclean/scanner/engine.go:46.47,51.70 4 420
dupclean/scanner/engine.go:51.70,57.4 1 5
dupclean/scanner/engine.go:58.3,58.13 1 420
dupclean/scanner/engine.go:61.2,61.36 1 51
dupclean/scanner/engine.go:61.36,63.3 1 0
dupclean/scanner/engine.go:66.2,67.31 2 51
dupclean/scanner/engine.go:67.31,68.22 1 48
dupclean/scanner/engine.go:68.22,70.4 1 31
dupclean/scanner/engine.go:72.2,72.111 1 51
dupclean/scanner/engine.go:72.111,74.3 1 401
dupclean/scanner/engine.go:77.2,78.42 2 51
dupclean/scanner/engine.go:78.42,79.22 1 104
dupclean/scanner/engine.go:79.22,81.4 1 25
dupclean/scanner/engine.go:83.2,83.111 1 51
dupclean/scanner/engine.go:83.111,86.3 2 272
dupclean/scanner/engine.go:89.2,90.45 2 51
dupclean/scanner/engine.go:90.45,91.21 1 24
dupclean/scanner/engine.go:91.21,92.12 1 0
dupclean/scanner/engine.go:94.3,94.30 1 24
dupclean/scanner/engine.go:94.30,96.18 2 274
dupclean/scanner/engine.go:96.18,97.13 1 0
dupclean/scanner/engine.go:99.4,105.6 1 274
dupclean/scanner/engine.go:110.2,111.42 2 51
dupclean/scanner/engine.go:111.42,112.21 1 24
dupclean/scanner/engine.go:112.21,113.12 1 0
dupclean/scanner/engine.go:117.3,118.35 2 24
dupclean/scanner/engine.go:118.35,120.18 2 250
dupclean/scanner/engine.go:120.18,122.13 2 0
dupclean/scanner/engine.go:124.4,124.13 1 250
dupclean/scanner/engine.go:124.13,126.5 1 250
dupclean/scanner/engine.go:129.3,129.30 1 24
dupclean/scanner/engine.go:129.30,137.4 3 24
dupclean/scanner/engine.go:140.2,141.27 2 51
dupclean/scanner/engine.go:154.232,155.24 1 102
dupclean/scanner/engine.go:155.24,157.3 1 51
dupclean/scanner/engine.go:159.2,163.35 4 51
dupclean/scanner/engine.go:163.35,165.13 2 510
dupclean/scanner/engine.go:165.13,167.26 2 507
dupclean/scanner/engine.go:167.26,168.12 1 682
dupclean/scanner/engine.go:169.23,170.12 1 10
dupclean/scanner/engine.go:171.13,171.13 0 672
dupclean/scanner/engine.go:174.5,175.64 2 672
dupclean/scanner/engine.go:180.2,180.29 1 51
dupclean/scanner/engine.go:180.29,182.3 1 727
dupclean/scanner/engine.go:183.2,185.12 2 51
dupclean/scanner/engine.go:185.12,188.3 2 51
dupclean/scanner/engine.go:190.2,192.27 3 51
dupclean/scanner/engine.go:192.27,193.21 1 677
dupclean/scanner/engine.go:193.21,195.12 2 0
dupclean/scanner/engine.go:197.3,200.57 3 677
dupclean/scanner/engine.go:200.57,206.4 1 10
dupclean/scanner/engine.go:209.2,209.21 1 51
dupclean/scanner/errors.go:42.36,43.18 1 2
dupclean/scanner/errors.go:43.18,45.3 1 1
dupclean/scanner/errors.go:46.2,46.58 1 1
dupclean/scanner/errors.go:50.36,52.2 1 2
dupclean/scanner/errors.go:55.77,62.2 1 21
dupclean/scanner/errors.go:65.80,72.2 1 8
dupclean/scanner/errors.go:75.44,77.2 1 3
dupclean/scanner/errors.go:80.40,82.2 1 3
dupclean/scanner/errors.go:85.42,87.2 1 3
dupclean/scanner/errors.go:90.38,92.2 1 2
dupclean/scanner/errors.go:102.39,104.2 1 3
dupclean/scanner/errors.go:107.39,109.2 1 2
dupclean/scanner/errors.go:112.41,114.31 2 2
dupclean/scanner/errors.go:114.31,115.18 1 4
dupclean/scanner/errors.go:115.18,117.4 1 2
dupclean/scanner/errors.go:119.2,119.14 1 2
dupclean/scanner/photo.go:45.38,49.2 1 22
dupclean/scanner/photo.go:52.93,57.16 4 13
dupclean/scanner/photo.go:57.16,59.3 1 12
dupclean/scanner/photo.go:61.2,61.28 1 13
dupclean/scanner/photo.go:61.28,63.3 1 1
dupclean/scanner/photo.go:65.2,66.22 2 13
dupclean/scanner/photo.go:66.22,68.3 1 13
dupclean/scanner/photo.go:71.2,74.97 3 13
dupclean/scanner/photo.go:74.97,77.52 2 16
dupclean/scanner/photo.go:77.52,78.25 1 2
dupclean/scanner/photo.go:78.25,80.5 1 1
dupclean/scanner/photo.go:83.3,83.30 1 15
dupclean/scanner/photo.go:84.47,88.74 3 14
dupclean/scanner/photo.go:88.74,94.4 1 0
dupclean/scanner/photo.go:95.3,95.13 1 14
dupclean/scanner/photo.go:98.2,98.36 1 13
dupclean/scanner/photo.go:98.36,100.3 1 0
dupclean/scanner/photo.go:103.2,117.35 6 13
dupclean/scanner/photo.go:117.35,119.13 2 130
dupclean/scanner/photo.go:119.13,121.26 2 127
dupclean/scanner/photo.go:121.26,122.12 1 14
dupclean/scanner/photo.go:123.23,124.12 1 0
dupclean/scanner/photo.go:125.13,125.13 0 14
dupclean/scanner/photo.go:127.5,128.81 2 14
dupclean/scanner/photo.go:133.2,133.27 1 13
dupclean/scanner/photo.go:133.27,135.3 1 14
dupclean/scanner/photo.go:136.2,138.12 2 13
dupclean/scanner/photo.go:138.12,141.3 2 13
dupclean/scanner/photo.go:143.2,145.27 3 13
dupclean/scanner/photo.go:145.27,146.21 1 14
dupclean/scanner/photo.go:146.21,148.12 2 4
dupclean/scanner/photo.go:150.3,157.62 3 10
dupclean/scanner/photo.go:157.62,163.4 1 0
dupclean/scanner/photo.go:167.2,170.31 2 13
dupclean/scanner/photo.go:170.31,171.28 1 3
dupclean/scanner/photo.go:171.28,174.4 2 3
dupclean/scanner/photo.go:177.2,178.27 2 13
dupclean/scanner/photo.go:182.86,184.16 2 21
dupclean/scanner/photo.go:184.16,186.3 1 0
dupclean/scanner/photo.go:187.2,187.15 1 21
dupclean/scanner/photo.go:187.15,187.32 1 21
dupclean/scanner/photo.go:189.2,190.16 2 21
dupclean/scanner/photo.go:190.16,192.3 1 0
dupclean/scanner/photo.go:195.2,196.16 2 21
dupclean/scanner/photo.go:196.16,198.3 1 4
dupclean/scanner/photo.go:199.2,199.45 1 17
dupclean/scanner/photo.go:199.45,201.3 1 0
dupclean/scanner/photo.go:204.2,204.51 1 17
dupclean/scanner/photo.go:204.51,206.3 1 0
dupclean/scanner/photo.go:209.2,210.16 2 17
dupclean/scanner/photo.go:210.16,212.3 1 0
dupclean/scanner/photo.go:215.2,216.16 2 17
dupclean/scanner/photo.go:216.16,218.3 1 0
dupclean/scanner/photo.go:220.2,220.24 1 17
dupclean/scanner/photo.go:224.81,225.22 1 13
dupclean/scanner/photo.go:225.22,227.3 1 6
dupclean/scanner/photo.go:230.2,231.27 2 7
dupclean/scanner/photo.go:231.27,233.3 1 10
dupclean/scanner/photo.go:235.2,241.21 4 7
dupclean/scanner/photo.go:241.21,243.3 1 0
dupclean/scanner/photo.go:245.2,245.31 1 7
dupclean/scanner/photo.go:245.31,246.23 1 10
dupclean/scanner/photo.go:246.23,247.12 1 3
dupclean/scanner/photo.go:251.3,255.29 3 7
dupclean/scanner/photo.go:255.29,256.21 1 10
dupclean/scanner/photo.go:256.21,258.5 1 10
dupclean/scanner/photo.go:262.3,262.28 1 7
dupclean/scanner/photo.go:262.28,268.34 2 3
dupclean/scanner/photo.go:268.34,277.5 2 6
dupclean/scanner/photo.go:278.4,278.34 1 3
dupclean/scanner/photo.go:279.9,282.4 1 4
dupclean/scanner/photo.go:285.2,285.15 1 7
dupclean/scanner/registry.go:5.26,7.3 1 5
dupclean/scanner/registry.go:8.25,10.3 1 5
dupclean/scanner/registry.go:11.26,13.3 1 5
dupclean/scanner/registry.go:17.46,19.9 2 19
dupclean/scanner/registry.go:19.9,21.3 1 4
dupclean/scanner/registry.go:22.2,22.24 1 15
dupclean/scanner/registry.go:26.32,28.36 2 6
dupclean/scanner/registry.go:28.36,30.3 1 18
dupclean/scanner/registry.go:31.2,31.14 1 6
dupclean/scanner/scanner.go:26.38,28.2 1 26
dupclean/scanner/scanner.go:31.93,32.85 1 21
dupclean/scanner/scanner.go:32.85,35.3 2 46
dupclean/scanner/scanner.go:40.172,42.16 2 23
dupclean/scanner/scanner.go:42.16,44.3 1 2
dupclean/scanner/scanner.go:44.8,46.3 1 21
dupclean/scanner/scanner.go:48.2,56.35 2 23
dupclean/scanner/test_utils.go:10.27,16.2 5 1
dupclean/scanner/utils.go:30.63,32.16 2 407
dupclean/scanner/utils.go:32.16,34.3 1 1
dupclean/scanner/utils.go:35.2,35.15 1 402
dupclean/scanner/utils.go:35.15,35.32 1 404
dupclean/scanner/utils.go:37.2,39.42 3 402
dupclean/scanner/utils.go:39.42,41.3 1 0
dupclean/scanner/utils.go:43.2,43.43 1 404
dupclean/scanner/utils.go:47.61,49.16 2 285
dupclean/scanner/utils.go:49.16,51.3 1 2
dupclean/scanner/utils.go:52.2,52.15 1 282
dupclean/scanner/utils.go:52.15,52.32 1 282
dupclean/scanner/utils.go:54.2,55.16 2 282
dupclean/scanner/utils.go:55.16,57.3 1 0
dupclean/scanner/utils.go:59.2,60.41 2 282
dupclean/scanner/utils.go:60.41,62.3 1 0
dupclean/scanner/utils.go:64.2,64.49 1 283
dupclean/scanner/utils.go:68.56,70.16 2 257
dupclean/scanner/utils.go:70.16,72.3 1 2
dupclean/scanner/utils.go:73.2,73.15 1 255
dupclean/scanner/utils.go:73.15,73.33 1 255
dupclean/scanner/utils.go:75.2,76.16 2 255
dupclean/scanner/utils.go:76.16,78.3 1 0
dupclean/scanner/utils.go:79.2,79.15 1 255
dupclean/scanner/utils.go:79.15,79.33 1 255
dupclean/scanner/utils.go:82.2,85.6 3 255
dupclean/scanner/utils.go:85.6,89.15 3 1144
dupclean/scanner/utils.go:89.15,91.4 1 2
dupclean/scanner/utils.go:93.3,93.41 1 1142
dupclean/scanner/utils.go:93.41,95.4 1 2
dupclean/scanner/utils.go:97.3,97.39 1 1140
dupclean/scanner/utils.go:97.39,99.4 1 251
dupclean/scanner/utils.go:101.3,101.36 1 889
dupclean/scanner/utils.go:101.36,103.4 1 0
dupclean/scanner/utils.go:104.3,104.36 1 889
dupclean/scanner/utils.go:104.36,106.4 1 0
dupclean/scanner/walker.go:17.175,18.82 1 64
dupclean/scanner/walker.go:18.82,19.10 1 544
dupclean/scanner/walker.go:20.21,21.20 1 3
dupclean/scanner/walker.go:22.11,22.11 0 541
dupclean/scanner/walker.go:25.3,25.17 1 541
dupclean/scanner/walker.go:25.17,28.4 2 3
dupclean/scanner/walker.go:31.3,31.35 1 538
dupclean/scanner/walker.go:31.35,33.4 1 12
dupclean/scanner/walker.go:36.3,36.62 1 526
dupclean/scanner/walker.go:36.62,37.17 1 4
dupclean/scanner/walker.go:37.17,39.5 1 1
dupclean/scanner/walker.go:40.4,40.14 1 3
dupclean/scanner/walker.go:44.3,44.46 1 522
dupclean/scanner/walker.go:44.46,45.86 1 6
dupclean/scanner/walker.go:45.86,47.5 1 2
dupclean/scanner/walker.go:50.3,50.16 1 520
dupclean/scanner/walker.go:50.16,52.4 1 74
dupclean/scanner/walker.go:54.3,55.17 2 446
dupclean/scanner/walker.go:55.17,57.4 1 0
dupclean/scanner/walker.go:60.3,60.33 1 446
dupclean/scanner/walker.go:60.33,62.4 1 2
dupclean/scanner/walker.go:65.3,65.43 1 444
dupclean/scanner/walker.go:65.43,67.4 1 9
dupclean/scanner/walker.go:70.3,70.51 1 435
dupclean/scanner/walker.go:70.51,71.28 1 435
dupclean/scanner/walker.go:71.28,73.5 1 1
dupclean/scanner/walker.go:74.4,74.31 1 434
dupclean/scanner/walker.go:77.3,77.28 1 434
dupclean/cli/interactive/ui.go:39.68,42.22 2 6
dupclean/cli/interactive/ui.go:42.22,47.3 3 2
dupclean/cli/interactive/ui.go:50.2,50.41 1 4
dupclean/cli/interactive/ui.go:50.41,52.3 1 0
dupclean/cli/interactive/ui.go:54.2,61.31 6 4
dupclean/cli/interactive/ui.go:61.31,71.41 6 4
dupclean/cli/interactive/ui.go:71.41,74.16 3 4
dupclean/cli/interactive/ui.go:74.16,76.5 1 0
dupclean/cli/interactive/ui.go:77.4,77.52 1 4
dupclean/cli/interactive/ui.go:80.3,80.29 1 4
dupclean/cli/interactive/ui.go:80.29,86.4 4 8
dupclean/cli/interactive/ui.go:88.3,98.16 9 4
dupclean/cli/interactive/ui.go:99.20,102.10 3 1
dupclean/cli/interactive/ui.go:103.24,105.12 2 1
dupclean/cli/interactive/ui.go:106.12,109.10 3 1
dupclean/cli/interactive/ui.go:110.11,112.55 2 1
dupclean/cli/interactive/ui.go:112.55,114.13 2 1
dupclean/cli/interactive/ui.go:117.4,120.30 3 0
dupclean/cli/interactive/ui.go:120.30,121.24 1 0
dupclean/cli/interactive/ui.go:121.24,122.14 1 0
dupclean/cli/interactive/ui.go:124.5,124.47 1 0
dupclean/cli/interactive/ui.go:124.47,126.6 1 0
dupclean/cli/interactive/ui.go:126.11,130.6 3 0
dupclean/cli/interactive/ui.go:135.2,135.45 1 2
dupclean/cli/interactive/ui.go:139.37,141.2 1 5
dupclean/cli/interactive/ui.go:143.20,150.2 5 10
dupclean/cli/interactive/ui.go:152.64,161.2 8 17
dupclean/cli/interactive/ui.go:163.26,170.2 6 7
dupclean/cli/interactive/ui.go:172.50,176.18 3 20
dupclean/cli/interactive/ui.go:176.18,178.3 1 10
dupclean/cli/interactive/ui.go:178.8,183.3 4 10
dupclean/cli/interactive/ui.go:185.2,186.29 2 20
dupclean/cleaner/browser.go:9.41,10.14 1 7
dupclean/cleaner/browser.go:11.16,12.32 1 4
dupclean/cleaner/browser.go:13.15,14.34 1 1
dupclean/cleaner/browser.go:15.17,16.36 1 1
dupclean/cleaner/browser.go:17.10,18.13 1 1
dupclean/cleaner/browser.go:22.44,58.2 3 5
dupclean/cleaner/browser.go:60.46,86.2 3 2
dupclean/cleaner/browser.go:88.48,113.2 2 2
dupclean/cleaner/deleter.go:38.77,39.27 1 6
dupclean/cleaner/deleter.go:39.27,41.3 1 2
dupclean/cleaner/deleter.go:43.2,47.17 2 6
dupclean/cleaner/deleter.go:47.17,49.29 1 0
dupclean/cleaner/deleter.go:49.29,52.4 2 0
dupclean/cleaner/deleter.go:53.3,53.21 1 0
dupclean/cleaner/deleter.go:57.2,61.40 4 6
dupclean/cleaner/deleter.go:61.40,63.13 2 12
dupclean/cleaner/deleter.go:63.13,65.28 2 12
dupclean/cleaner/deleter.go:65.28,74.5 2 3
dupclean/cleaner/deleter.go:79.2,79.28 1 6
dupclean/cleaner/deleter.go:79.28,81.3 1 3
dupclean/cleaner/deleter.go:82.2,91.25 6 6
dupclean/cleaner/deleter.go:91.25,92.21 1 3
dupclean/cleaner/deleter.go:92.21,98.17 2 0
dupclean/cleaner/deleter.go:98.17,100.5 1 0
dupclean/cleaner/deleter.go:101.9,104.4 2 3
dupclean/cleaner/deleter.go:106.3,106.29 1 3
dupclean/cleaner/deleter.go:106.29,108.4 1 0
dupclean/cleaner/deleter.go:111.2,114.20 3 6
dupclean/cleaner/deleter.go:132.108,134.22 1 14
dupclean/cleaner/deleter.go:134.22,136.3 1 3
dupclean/cleaner/deleter.go:138.2,139.16 2 11
dupclean/cleaner/deleter.go:139.16,141.3 1 0
dupclean/cleaner/deleter.go:143.2,143.16 1 11
dupclean/cleaner/deleter.go:143.16,145.49 1 3
dupclean/cleaner/deleter.go:145.49,147.24 1 1
dupclean/cleaner/deleter.go:147.24,149.5 1 1
dupclean/cleaner/deleter.go:150.4,150.27 1 0
dupclean/cleaner/deleter.go:152.3,152.35 1 2
dupclean/cleaner/deleter.go:157.2,157.50 1 8
dupclean/cleaner/deleter.go:157.50,159.3 1 2
dupclean/cleaner/deleter.go:162.2,164.16 2 6
dupclean/cleaner/deleter.go:164.16,166.23 1 2
dupclean/cleaner/deleter.go:166.23,168.4 1 1
dupclean/cleaner/deleter.go:169.3,169.26 1 1
dupclean/cleaner/deleter.go:171.2,171.34 1 4
dupclean/cleaner/deleter.go:175.46,179.107 2 13
dupclean/cleaner/deleter.go:179.107,181.3 1 4
dupclean/cleaner/deleter.go:183.2,183.43 1 9
dupclean/cleaner/deleter.go:183.43,184.45 1 205
dupclean/cleaner/deleter.go:184.45,186.4 1 1
dupclean/cleaner/deleter.go:190.2,191.16 2 8
dupclean/cleaner/deleter.go:191.16,192.40 1 8
dupclean/cleaner/deleter.go:192.40,194.4 1 1
dupclean/cleaner/deleter.go:197.2,197.12 1 7
dupclean/cleaner/deleter.go:201.34,202.16 1 10
dupclean/cleaner/deleter.go:202.16,204.3 1 1
dupclean/cleaner/deleter.go:207.2,207.38 1 9
dupclean/cleaner/deleter.go:207.38,209.3 1 1
dupclean/cleaner/deleter.go:212.2,212.23 1 8
dupclean/cleaner/deleter.go:212.23,214.29 2 2
dupclean/cleaner/deleter.go:214.29,215.17 1 2
dupclean/cleaner/deleter.go:216.12,217.16 1 1
dupclean/cleaner/deleter.go:218.11,219.16 1 1
dupclean/cleaner/deleter.go:225.2,234.30 3 6
dupclean/cleaner/deleter.go:234.30,235.36 1 18
dupclean/cleaner/deleter.go:235.36,237.4 1 4
dupclean/cleaner/deleter.go:240.2,240.14 1 2
dupclean/cleaner/developer.go:11.43,12.14 1 7
dupclean/cleaner/developer.go:13.16,14.36 1 4
dupclean/cleaner/developer.go:15.15,16.36 1 1
dupclean/cleaner/developer.go:17.17,18.38 1 1
dupclean/cleaner/developer.go:19.10,20.13 1 1
dupclean/cleaner/developer.go:24.48,42.48 4 5
dupclean/cleaner/developer.go:42.48,53.3 1 5
dupclean/cleaner/developer.go:56.2,79.16 3 5
dupclean/cleaner/developer.go:82.48,85.20 3 2
dupclean/cleaner/developer.go:85.20,87.3 1 2
dupclean/cleaner/developer.go:89.2,92.48 2 2
dupclean/cleaner/developer.go:92.48,103.3 1 2
dupclean/cleaner/developer.go:106.2,141.16 4 2
dupclean/cleaner/developer.go:144.50,162.2 4 2
dupclean/cleaner/developer.go:165.30,168.16 3 9
dupclean/cleaner/developer.go:168.16,170.3 1 0
dupclean/cleaner/developer.go:171.2,171.42 1 9
dupclean/cleaner/logs.go:9.38,10.14 1 7
dupclean/cleaner/logs.go:11.16,12.29 1 4
dupclean/cleaner/logs.go:13.15,14.31 1 1
dupclean/cleaner/logs.go:15.17,16.33 1 1
dupclean/cleaner/logs.go:17.10,18.13 1 1
dupclean/cleaner/logs.go:22.41,48.2 3 5
dupclean/cleaner/logs.go:50.43,63.2 1 2
dupclean/cleaner/logs.go:65.45,80.2 2 2
dupclean/cleaner/render_cli.go:22.53,34.35 8 4
dupclean/cleaner/render_cli.go:34.35,35.22 1 4
dupclean/cleaner/render_cli.go:35.22,37.4 1 4
dupclean/cleaner/render_cli.go:41.2,42.30 2 4
dupclean/cleaner/render_cli.go:42.30,44.3 1 4
dupclean/cleaner/render_cli.go:45.2,47.31 2 4
dupclean/cleaner/render_cli.go:47.31,50.29 3 4
dupclean/cleaner/render_cli.go:50.29,52.18 2 4
dupclean/cleaner/render_cli.go:53.22,54.21 1 1
dupclean/cleaner/render_cli.go:55.18,56.21 1 0
dupclean/cleaner/render_cli.go:59.4,60.63 2 4
dupclean/cleaner/render_cli.go:62.3,62.16 1 4
dupclean/cleaner/render_cli.go:65.2,74.35 6 4
dupclean/cleaner/render_cli.go:74.35,75.67 1 4
dupclean/cleaner/render_cli.go:75.67,77.4 1 3
dupclean/cleaner/render_cli.go:80.2,80.6 1 4
dupclean/cleaner/render_cli.go:80.6,88.16 6 4
dupclean/cleaner/render_cli.go:89.20,90.15 1 4
dupclean/cleaner/render_cli.go:91.20,93.10 2 0
dupclean/cleaner/render_cli.go:94.12,95.38 1 0
dupclean/cleaner/render_cli.go:96.12,97.37 1 0
dupclean/cleaner/render_cli.go:98.12,99.39 1 0
dupclean/cleaner/render_cli.go:100.11,102.85 1 0
dupclean/cleaner/render_cli.go:102.85,104.5 1 0
dupclean/cleaner/render_cli.go:110.2,113.20 3 4
dupclean/cleaner/render_cli.go:113.20,116.3 2 2
dupclean/cleaner/render_cli.go:118.2,121.17 3 2
dupclean/cleaner/render_cli.go:121.17,123.3 1 0
dupclean/cleaner/render_cli.go:123.8,123.27 1 2
dupclean/cleaner/render_cli.go:123.27,125.3 1 0
dupclean/cleaner/render_cli.go:125.8,127.3 1 2
dupclean/cleaner/render_cli.go:129.2,129.15 1 2
dupclean/cleaner/render_cli.go:129.15,134.16 4 2
dupclean/cleaner/render_cli.go:135.12,137.39 2 0
dupclean/cleaner/render_cli.go:138.20,140.10 2 0
dupclean/cleaner/render_cli.go:145.2,146.29 2 2
dupclean/cleaner/render_cli.go:146.29,148.3 1 3
dupclean/cleaner/render_cli.go:151.2,157.67 3 2
dupclean/cleaner/render_cli.go:157.67,159.4 1 0
dupclean/cleaner/render_cli.go:162.2,163.16 2 2
dupclean/cleaner/render_cli.go:163.16,166.3 2 0
dupclean/cleaner/render_cli.go:168.2,173.30 6 2
dupclean/cleaner/render_cli.go:173.30,175.3 1 0
dupclean/cleaner/render_cli.go:177.2,177.37 1 2
dupclean/cleaner/render_cli.go:177.37,180.3 2 2
dupclean/cleaner/render_cli.go:183.76,185.35 2 6
dupclean/cleaner/render_cli.go:185.35,187.3 1 7
dupclean/cleaner/render_cli.go:189.2,190.30 2 6
dupclean/cleaner/render_cli.go:190.30,192.3 1 5
dupclean/cleaner/render_cli.go:193.2,196.31 3 6
dupclean/cleaner/render_cli.go:196.31,199.29 3 5
dupclean/cleaner/render_cli.go:199.29,201.18 2 7
dupclean/cleaner/render_cli.go:201.18,203.5 1 5
dupclean/cleaner/render_cli.go:204.4,206.7 3 7
dupclean/cleaner/render_cli.go:208.3,208.16 1 5
dupclean/cleaner/render_cli.go:211.2,212.35 2 6
dupclean/cleaner/render_cli.go:212.35,213.17 1 7
dupclean/cleaner/render_cli.go:213.17,215.4 1 5
dupclean/cleaner/render_cli.go:217.2,217.122 1 6
dupclean/cleaner/render_cli.go:220.59,222.35 2 4
dupclean/cleaner/render_cli.go:222.35,223.22 1 4
dupclean/cleaner/render_cli.go:223.22,225.4 1 4
dupclean/cleaner/render_cli.go:227.2,227.16 1 4
dupclean/cleaner/render_cli.go:231.77,232.35 1 3
dupclean/cleaner/render_cli.go:232.35,233.23 1 8
dupclean/cleaner/render_cli.go:233.23,234.12 1 1
dupclean/cleaner/render_cli.go:236.3,236.15 1 7
dupclean/cleaner/render_cli.go:236.15,237.23 1 5
dupclean/cleaner/render_cli.go:237.23,238.31 1 2
dupclean/cleaner/render_cli.go:238.31,240.6 1 2
dupclean/cleaner/render_cli.go:241.10,242.26 1 3
dupclean/cleaner/render_cli.go:242.26,244.6 1 2
dupclean/cleaner/render_cli.go:246.9,248.4 1 2
dupclean/cleaner/render_cli.go:253.60,255.35 2 6
dupclean/cleaner/render_cli.go:255.35,256.36 1 10
dupclean/cleaner/render_cli.go:256.36,258.4 1 5
dupclean/cleaner/render_cli.go:260.2,260.17 1 6
dupclean/cleaner/render_cli.go:264.49,266.28 2 6
dupclean/cleaner/render_cli.go:266.28,268.3 1 6
dupclean/cleaner/render_cli.go:269.2,269.14 1 6
dupclean/cleaner/scanner.go:42.74,45.16 2 5
dupclean/cleaner/scanner.go:45.16,47.3 1 5
dupclean/cleaner/scanner.go:49.2,49.27 1 5
dupclean/cleaner/scanner.go:49.27,51.3 1 4
dupclean/cleaner/scanner.go:53.2,61.28 3 5
dupclean/cleaner/scanner.go:61.28,63.29 2 4
dupclean/cleaner/scanner.go:63.29,64.40 1 4
dupclean/cleaner/scanner.go:64.40,66.10 2 3
dupclean/cleaner/scanner.go:69.3,69.19 1 4
dupclean/cleaner/scanner.go:69.19,71.4 1 3
dupclean/cleaner/scanner.go:73.2,84.40 7 5
dupclean/cleaner/scanner.go:84.40,86.13 2 41
dupclean/cleaner/scanner.go:86.13,88.29 2 41
dupclean/cleaner/scanner.go:88.29,90.12 1 3
dupclean/cleaner/scanner.go:91.23,92.12 1 0
dupclean/cleaner/scanner.go:93.13,93.13 0 3
dupclean/cleaner/scanner.go:96.5,100.31 3 3
dupclean/cleaner/scanner.go:100.31,102.24 2 1
dupclean/cleaner/scanner.go:102.24,104.7 1 0
dupclean/cleaner/scanner.go:105.6,109.8 1 1
dupclean/cleaner/scanner.go:112.5,112.22 1 3
dupclean/cleaner/scanner.go:118.2,118.28 1 5
dupclean/cleaner/scanner.go:118.28,121.3 2 3
dupclean/cleaner/scanner.go:122.2,128.25 4 5
dupclean/cleaner/scanner.go:128.25,130.3 1 3
dupclean/cleaner/scanner.go:132.2,132.20 1 5
dupclean/cleaner/scanner.go:136.56,141.36 4 3
dupclean/cleaner/scanner.go:141.36,142.42 1 3
dupclean/cleaner/scanner.go:142.42,145.12 2 0
dupclean/cleaner/scanner.go:149.3,150.17 2 3
dupclean/cleaner/scanner.go:150.17,153.12 2 0
dupclean/cleaner/scanner.go:156.3,160.43 3 3
dupclean/cleaner/scanner.go:160.43,167.4 1 13
dupclean/cleaner/scanner.go:170.2,170.31 1 3
dupclean/cleaner/scanner.go:174.119,175.18 1 4
dupclean/cleaner/scanner.go:175.18,179.26 3 1
dupclean/cleaner/scanner.go:179.26,181.4 1 1
dupclean/cleaner/scanner.go:182.3,182.29 1 1
dupclean/cleaner/scanner.go:182.29,183.19 1 13
dupclean/cleaner/scanner.go:183.19,185.5 1 1
dupclean/cleaner/scanner.go:187.3,187.18 1 1
dupclean/cleaner/scanner.go:190.2,191.28 2 3
dupclean/cleaner/scanner.go:191.28,193.47 1 39
dupclean/cleaner/scanner.go:193.47,194.12 1 4
dupclean/cleaner/scanner.go:196.3,196.43 1 35
dupclean/cleaner/scanner.go:196.43,197.12 1 3
dupclean/cleaner/scanner.go:201.3,201.47 1 32
dupclean/cleaner/scanner.go:201.47,202.12 1 9
dupclean/cleaner/scanner.go:205.3,205.33 1 23
dupclean/cleaner/scanner.go:208.2,208.17 1 3
dupclean/cleaner/scanner.go:212.72,213.28 1 2
dupclean/cleaner/scanner.go:213.28,214.29 1 3
dupclean/cleaner/scanner.go:214.29,215.86 1 3
dupclean/cleaner/scanner.go:215.86,217.5 1 1
dupclean/cleaner/scanner.go:220.2,220.12 1 1
dupclean/cleaner/security.go:10.52,11.48 1 4
dupclean/cleaner/security.go:11.48,13.3 1 0
dupclean/cleaner/security.go:15.2,17.14 2 4
dupclean/cleaner/security.go:18.16,19.48 1 1
dupclean/cleaner/security.go:20.15,21.47 1 1
dupclean/cleaner/security.go:22.17,30.18 4 1
dupclean/cleaner/security.go:31.10,32.53 1 1
dupclean/cleaner/security.go:38.41,40.2 1 1
dupclean/cleaner/security.go:43.43,44.16 1 8
dupclean/cleaner/security.go:44.16,46.3 1 1
dupclean/cleaner/security.go:47.2,48.16 2 7
dupclean/cleaner/security.go:48.16,50.3 1 1
dupclean/cleaner/security.go:51.2,51.47 1 6
dupclean/cleaner/security.go:51.47,53.3 1 1
dupclean/cleaner/security.go:54.2,54.12 1 5
dupclean/cleaner/system.go:9.40,10.14 1 7
dupclean/cleaner/system.go:11.16,12.27 1 4
dupclean/cleaner/system.go:13.15,14.27 1 1
dupclean/cleaner/system.go:15.17,16.29 1 1
dupclean/cleaner/system.go:17.10,18.13 1 1
dupclean/cleaner/system.go:22.39,68.2 3 5
dupclean/cleaner/system.go:70.39,73.20 3 2
dupclean/cleaner/system.go:73.20,75.3 1 2
dupclean/cleaner/system.go:77.2,108.3 1 2
dupclean/cleaner/system.go:111.41,148.2 4 2
dupclean/cleaner/target.go:61.32,71.2 6 2
dupclean/internal/trash/trash.go:28.37,30.43 1 13
dupclean/internal/trash/trash.go:30.43,32.3 1 8
dupclean/internal/trash/trash.go:34.2,35.16 2 5
dupclean/internal/trash/trash.go:35.16,37.3 1 0
dupclean/internal/trash/trash.go:39.2,39.14 1 5
dupclean/internal/trash/trash.go:40.16,41.35 1 2
dupclean/internal/trash/trash.go:42.15,43.35 1 1
dupclean/internal/trash/trash.go:44.17,45.37 1 1
dupclean/internal/trash/trash.go:46.10,48.28 1 1
dupclean/internal/trash/trash.go:53.38,54.16 1 21
dupclean/internal/trash/trash.go:54.16,56.3 1 2
dupclean/internal/trash/trash.go:59.2,59.66 1 19
dupclean/internal/trash/trash.go:59.66,61.3 1 7
dupclean/internal/trash/trash.go:65.2,65.104 1 12
dupclean/internal/trash/trash.go:65.104,67.3 1 2
dupclean/internal/trash/trash.go:70.2,70.69 1 10
dupclean/internal/trash/trash.go:70.69,72.3 1 3
dupclean/internal/trash/trash.go:74.2,74.12 1 7
dupclean/internal/trash/trash.go:78.42,80.49 1 4
dupclean/internal/trash/trash.go:80.49,82.3 1 3
dupclean/internal/trash/trash.go:85.2,87.53 3 1
dupclean/internal/trash/trash.go:91.42,93.47 1 5
dupclean/internal/trash/trash.go:93.47,95.3 1 2
dupclean/internal/trash/trash.go:98.2,98.49 1 3
dupclean/internal/trash/trash.go:98.49,100.3 1 1
dupclean/internal/trash/trash.go:103.2,104.16 2 2
dupclean/internal/trash/trash.go:104.16,106.53 2 1
dupclean/internal/trash/trash.go:106.53,108.4 1 1
dupclean/internal/trash/trash.go:112.2,112.27 1 1
dupclean/internal/trash/trash.go:116.44,118.16 2 2
dupclean/internal/trash/trash.go:118.16,120.3 1 0
dupclean/internal/trash/trash.go:125.2,138.18 4 2
dupclean/internal/trash/trash.go:142.54,148.6 4 3
dupclean/internal/trash/trash.go:148.6,150.19 2 4
dupclean/internal/trash/trash.go:150.19,152.4 1 3
dupclean/internal/trash/trash.go:152.9,156.4 3 1
dupclean/internal/trash/trash.go:158.3,163.25 3 4
dupclean/internal/trash/trash.go:163.25,165.48 1 3
dupclean/internal/trash/trash.go:165.48,167.5 1 0
dupclean/internal/trash/trash.go:168.4,168.14 1 3
dupclean/internal/trash/trash.go:172.3,175.21 2 1
dupclean/internal/trash/trash.go:175.21,176.9 1 0
dupclean/internal/trash/trash.go:180.2,180.27 1 0
dupclean/internal/trash/trash.go:184.47,189.2 4 6
dupclean/gui/app.go:16.65,20.35 3 3
dupclean/gui/app.go:20.35,23.3 2 2
dupclean/gui/app.go:26.15,61.23 15 0
dupclean/gui/app.go:61.23,64.3 2 0
dupclean/gui/app.go:66.2,69.38 4 0
dupclean/gui/app.go:73.133,112.36 22 0
dupclean/gui/app.go:112.36,114.20 2 0
dupclean/gui/app.go:115.10,116.69 1 0
dupclean/gui/app.go:117.10,118.67 1 0
dupclean/gui/app.go:119.10,120.67 1 0
dupclean/gui/app.go:121.10,122.68 1 0
dupclean/gui/app.go:123.10,124.68 1 0
dupclean/gui/app.go:125.10,126.63 1 0
dupclean/gui/app.go:128.3,128.29 1 0
dupclean/gui/app.go:132.2,136.54 3 0
dupclean/gui/app.go:136.54,138.3 1 0
dupclean/gui/app.go:141.2,156.20 5 0
dupclean/gui/cache_cleaner.go:50.74,51.35 1 2
dupclean/gui/cache_cleaner.go:51.35,54.3 2 0
dupclean/gui/cache_cleaner.go:58.69,63.41 4 5
dupclean/gui/cache_cleaner.go:63.41,65.3 1 0
dupclean/gui/cache_cleaner.go:68.2,71.43 4 5
dupclean/gui/cache_cleaner.go:71.43,75.3 3 0
dupclean/gui/cache_cleaner.go:76.2,85.84 4 5
dupclean/gui/cache_cleaner.go:85.84,87.3 1 0
dupclean/gui/cache_cleaner.go:88.2,114.3 9 5
dupclean/gui/cache_cleaner.go:117.47,129.12 9 0
dupclean/gui/cache_cleaner.go:129.12,132.17 2 0
dupclean/gui/cache_cleaner.go:132.17,133.19 1 0
dupclean/gui/cache_cleaner.go:133.19,138.5 4 0
dupclean/gui/cache_cleaner.go:139.4,139.10 1 0
dupclean/gui/cache_cleaner.go:143.3,147.29 3 0
dupclean/gui/cache_cleaner.go:147.29,150.33 2 0
dupclean/gui/cache_cleaner.go:150.33,151.31 1 0
dupclean/gui/cache_cleaner.go:151.31,153.6 1 0
dupclean/gui/cache_cleaner.go:157.4,157.27 1 0
dupclean/gui/cache_cleaner.go:157.27,160.5 2 0
dupclean/gui/cache_cleaner.go:162.3,168.48 2 0
dupclean/gui/cache_cleaner.go:168.48,169.20 1 0
dupclean/gui/cache_cleaner.go:169.20,170.28 1 0
dupclean/gui/cache_cleaner.go:170.28,172.7 1 0
dupclean/gui/cache_cleaner.go:173.6,173.79 1 0
dupclean/gui/cache_cleaner.go:178.3,179.17 2 0
dupclean/gui/cache_cleaner.go:179.17,180.19 1 0
dupclean/gui/cache_cleaner.go:180.19,185.5 4 0
dupclean/gui/cache_cleaner.go:186.4,186.10 1 0
dupclean/gui/cache_cleaner.go:189.3,196.36 6 0
dupclean/gui/cache_cleaner.go:196.36,197.84 1 0
dupclean/gui/cache_cleaner.go:197.84,199.5 1 0
dupclean/gui/cache_cleaner.go:202.3,202.18 1 0
dupclean/gui/cache_cleaner.go:202.18,204.4 1 0
dupclean/gui/cache_cleaner.go:208.52,214.34 3 0
dupclean/gui/cache_cleaner.go:214.34,215.22 1 0
dupclean/gui/cache_cleaner.go:215.22,217.4 1 0
dupclean/gui/cache_cleaner.go:221.2,222.30 2 0
dupclean/gui/cache_cleaner.go:222.30,224.3 1 0
dupclean/gui/cache_cleaner.go:225.2,228.85 2 0
dupclean/gui/cache_cleaner.go:228.85,230.3 1 0
dupclean/gui/cache_cleaner.go:231.2,239.31 5 0
dupclean/gui/cache_cleaner.go:239.31,243.29 3 0
dupclean/gui/cache_cleaner.go:243.29,246.4 2 0
dupclean/gui/cache_cleaner.go:248.3,248.61 1 0
dupclean/gui/cache_cleaner.go:251.2,253.49 2 0
dupclean/gui/cache_cleaner.go:253.49,255.3 1 0
dupclean/gui/cache_cleaner.go:256.2,261.100 4 0
dupclean/gui/cache_cleaner.go:265.147,270.21 4 0
dupclean/gui/cache_cleaner.go:271.28,274.44 3 0
dupclean/gui/cache_cleaner.go:275.24,278.43 3 0
dupclean/gui/cache_cleaner.go:280.2,283.128 2 0
dupclean/gui/cache_cleaner.go:283.128,286.3 2 0
dupclean/gui/cache_cleaner.go:287.2,297.77 6 0
dupclean/gui/cache_cleaner.go:300.100,302.34 2 0
dupclean/gui/cache_cleaner.go:302.34,303.34 1 0
dupclean/gui/cache_cleaner.go:303.34,305.4 1 0
dupclean/gui/cache_cleaner.go:307.2,309.22 2 0
dupclean/gui/cache_cleaner.go:309.22,311.3 1 0
dupclean/gui/cache_cleaner.go:311.8,313.3 1 0
dupclean/gui/cache_cleaner.go:316.48,320.34 3 0
dupclean/gui/cache_cleaner.go:320.34,321.34 1 0
dupclean/gui/cache_cleaner.go:321.34,324.4 2 0
dupclean/gui/cache_cleaner.go:327.2,327.23 1 0
dupclean/gui/cache_cleaner.go:327.23,330.3 2 0
dupclean/gui/cache_cleaner.go:333.2,336.17 1 0
dupclean/gui/cache_cleaner.go:336.17,337.11 1 0
dupclean/gui/cache_cleaner.go:337.11,339.5 1 0
dupclean/gui/cache_cleaner.go:341.4,357.14 6 0
dupclean/gui/cache_cleaner.go:357.14,361.39 3 0
dupclean/gui/cache_cleaner.go:361.39,363.35 1 0
dupclean/gui/cache_cleaner.go:363.35,367.7 3 0
dupclean/gui/cache_cleaner.go:369.6,369.21 1 0
dupclean/gui/cache_cleaner.go:369.21,372.7 2 0
dupclean/gui/cache_cleaner.go:375.5,381.20 5 0
dupclean/gui/cache_cleaner.go:381.20,383.6 1 0
dupclean/gui/cache_cleaner.go:391.40,392.16 1 28
dupclean/gui/cache_cleaner.go:392.16,394.3 1 2
dupclean/gui/cache_cleaner.go:397.2,398.16 2 26
dupclean/gui/cache_cleaner.go:398.16,401.3 1 0
dupclean/gui/cache_cleaner.go:403.2,404.14 2 26
dupclean/gui/cache_cleaner.go:405.16,411.4 1 20
dupclean/gui/cache_cleaner.go:412.17,419.4 1 3
dupclean/gui/cache_cleaner.go:420.15,431.4 1 3
dupclean/gui/cache_cleaner.go:435.2,435.44 1 26
dupclean/gui/cache_cleaner.go:435.44,436.18 1 26
dupclean/gui/cache_cleaner.go:436.18,438.4 1 0
dupclean/gui/cache_cleaner.go:441.2,441.30 1 26
dupclean/gui/cache_cleaner.go:441.30,447.34 1 79
dupclean/gui/cache_cleaner.go:447.34,449.4 1 17
dupclean/gui/cache_cleaner.go:451.2,451.14 1 9
dupclean/gui/cache_cleaner.go:455.72,460.53 3 13
dupclean/gui/cache_cleaner.go:460.53,463.3 2 3
dupclean/gui/cache_cleaner.go:466.2,466.46 1 10
dupclean/gui/cache_cleaner.go:466.46,470.87 3 4
dupclean/gui/cache_cleaner.go:470.87,471.18 1 13
dupclean/gui/cache_cleaner.go:471.18,473.5 1 0
dupclean/gui/cache_cleaner.go:474.4,474.24 1 13
dupclean/gui/cache_cleaner.go:474.24,476.5 1 4
dupclean/gui/cache_cleaner.go:478.4,479.18 2 9
dupclean/gui/cache_cleaner.go:479.18,481.5 1 0
dupclean/gui/cache_cleaner.go:482.4,482.18 1 9
dupclean/gui/cache_cleaner.go:482.18,484.5 1 7
dupclean/gui/cache_cleaner.go:485.4,486.14 2 9
dupclean/gui/cache_cleaner.go:488.3,488.17 1 4
dupclean/gui/cache_cleaner.go:488.17,490.4 1 0
dupclean/gui/cache_cleaner.go:492.3,495.47 2 4
dupclean/gui/cache_cleaner.go:495.47,498.4 2 0
dupclean/gui/cache_cleaner.go:500.3,500.53 1 4
dupclean/gui/cache_cleaner.go:500.53,503.4 2 0
dupclean/gui/cache_cleaner.go:505.3,506.43 2 4
dupclean/gui/cache_cleaner.go:510.2,511.16 2 6
dupclean/gui/cache_cleaner.go:511.16,512.25 1 0
dupclean/gui/cache_cleaner.go:512.25,514.4 1 0
dupclean/gui/cache_cleaner.go:515.3,515.19 1 0
dupclean/gui/cache_cleaner.go:518.2,518.32 1 6
dupclean/gui/cache_cleaner.go:518.32,521.36 2 13
dupclean/gui/cache_cleaner.go:521.36,522.67 1 10
dupclean/gui/cache_cleaner.go:522.67,523.10 1 4
dupclean/gui/cache_cleaner.go:527.3,527.15 1 13
dupclean/gui/cache_cleaner.go:527.15,528.12 1 9
dupclean/gui/cache_cleaner.go:531.3,535.17 3 4
dupclean/gui/cache_cleaner.go:535.17,536.12 1 0
dupclean/gui/cache_cleaner.go:540.3,540.47 1 4
dupclean/gui/cache_cleaner.go:540.47,543.4 1 0
dupclean/gui/cache_cleaner.go:545.3,546.28 2 4
dupclean/gui/cache_cleaner.go:549.2,550.33 2 6
dupclean/gui/cache_cleaner.go:553.55,557.84 3 0
dupclean/gui/cache_cleaner.go:557.84,559.3 1 0
dupclean/gui/cache_cleaner.go:560.2,569.4 2 0
dupclean/gui/cache_cleaner.go:573.66,579.2 1 0
dupclean/gui/cache_cleaner.go:582.53,583.13 1 0
dupclean/gui/cache_cleaner.go:583.13,585.3 1 0
dupclean/gui/cache_cleaner.go:586.2,586.31 1 0
dupclean/gui/cache_cleaner.go:586.31,589.17 3 0
dupclean/gui/cache_cleaner.go:589.17,591.4 1 0
dupclean/gui/cache_cleaner.go:592.3,592.51 1 0
dupclean/gui/cache_cleaner.go:594.2,594.30 1 0
dupclean/gui/changelog.go:96.43,101.33 3 0
dupclean/gui/changelog.go:101.33,105.3 2 0
dupclean/gui/changelog.go:110.56,131.38 9 0
dupclean/gui/changelog.go:131.38,132.58 1 0
dupclean/gui/changelog.go:132.58,134.9 2 0
dupclean/gui/changelog.go:138.3,138.15 1 0
dupclean/gui/changelog.go:138.15,140.4 1 0
dupclean/gui/changelog.go:142.3,143.36 2 0
dupclean/gui/changelog.go:143.36,145.4 1 0
dupclean/gui/changelog.go:147.3,156.18 5 0
dupclean/gui/changelog.go:161.2,161.53 1 0
dupclean/gui/changelog.go:161.53,167.3 5 0
dupclean/gui/changelog.go:169.2,172.60 3 0
dupclean/gui/changelog.go:176.39,178.2 1 0
dupclean/gui/disk_analyzer.go:35.74,36.35 1 0
dupclean/gui/disk_analyzer.go:36.35,39.3 2 0
dupclean/gui/disk_analyzer.go:43.69,45.126 1 0
dupclean/gui/disk_analyzer.go:45.126,47.3 1 0
dupclean/gui/disk_analyzer.go:48.2,51.71 2 0
dupclean/gui/disk_analyzer.go:51.72,51.73 0 0
dupclean/gui/disk_analyzer.go:52.2,52.73 1 0
dupclean/gui/disk_analyzer.go:52.74,52.75 0 0
dupclean/gui/disk_analyzer.go:53.2,58.91 3 0
dupclean/gui/disk_analyzer.go:58.91,60.3 1 0
dupclean/gui/disk_analyzer.go:61.2,83.3 7 0
dupclean/gui/disk_analyzer.go:86.50,87.28 1 0
dupclean/gui/disk_analyzer.go:87.28,90.3 2 0
dupclean/gui/disk_analyzer.go:92.2,100.12 8 0
dupclean/gui/disk_analyzer.go:100.12,106.18 4 0
dupclean/gui/disk_analyzer.go:106.18,112.18 5 0
dupclean/gui/disk_analyzer.go:112.18,116.5 3 0
dupclean/gui/disk_analyzer.go:118.4,118.23 1 0
dupclean/gui/disk_analyzer.go:118.23,120.5 1 0
dupclean/gui/disk_analyzer.go:122.4,123.33 2 0
dupclean/gui/disk_analyzer.go:128.55,130.19 2 0
dupclean/gui/disk_analyzer.go:130.19,132.3 1 0
dupclean/gui/disk_analyzer.go:135.2,139.35 3 0
dupclean/gui/disk_analyzer.go:139.35,140.14 1 0
dupclean/gui/disk_analyzer.go:140.14,141.9 1 0
dupclean/gui/disk_analyzer.go:144.3,149.22 5 0
dupclean/gui/disk_analyzer.go:153.2,155.37 3 0
dupclean/gui/disk_analyzer.go:155.37,156.14 1 0
dupclean/gui/disk_analyzer.go:156.14,157.9 1 0
dupclean/gui/disk_analyzer.go:160.3,162.21 3 0
dupclean/gui/disk_analyzer.go:165.2,172.78 3 0
dupclean/gui/disk_analyzer.go:172.78,174.3 1 0
dupclean/gui/disk_analyzer.go:176.2,180.92 3 0
dupclean/gui/disk_analyzer.go:183.66,187.2 1 0
dupclean/gui/duplicate_finder.go:35.58,37.17 2 8
dupclean/gui/duplicate_finder.go:37.17,39.4 1 2
dupclean/gui/duplicate_finder.go:40.3,40.64 1 6
dupclean/gui/duplicate_finder.go:40.64,42.4 1 3
dupclean/gui/duplicate_finder.go:43.3,43.19 1 3
dupclean/gui/duplicate_finder.go:48.76,55.21 6 0
dupclean/gui/duplicate_finder.go:55.21,58.3 2 0
dupclean/gui/duplicate_finder.go:58.8,58.28 1 0
dupclean/gui/duplicate_finder.go:58.28,61.3 2 0
dupclean/gui/duplicate_finder.go:64.2,68.21 3 0
dupclean/gui/duplicate_finder.go:68.21,72.48 4 0
dupclean/gui/duplicate_finder.go:72.48,74.4 1 0
dupclean/gui/duplicate_finder.go:75.3,77.4 1 0
dupclean/gui/duplicate_finder.go:78.8,78.28 1 0
dupclean/gui/duplicate_finder.go:78.28,80.104 1 0
dupclean/gui/duplicate_finder.go:80.105,80.106 0 0
dupclean/gui/duplicate_finder.go:82.8,84.102 1 0
dupclean/gui/duplicate_finder.go:84.103,84.104 0 0
dupclean/gui/duplicate_finder.go:89.2,89.71 1 0
dupclean/gui/duplicate_finder.go:89.72,89.73 0 0
dupclean/gui/duplicate_finder.go:90.2,90.73 1 0
dupclean/gui/duplicate_finder.go:90.74,90.75 0 0
dupclean/gui/duplicate_finder.go:91.2,127.3 11 0
dupclean/gui/duplicate_finder.go:131.64,143.49 3 1
dupclean/gui/duplicate_finder.go:143.49,145.3 1 0
dupclean/gui/duplicate_finder.go:146.2,148.54 2 1
dupclean/gui/duplicate_finder.go:148.54,150.35 2 0
dupclean/gui/duplicate_finder.go:150.35,151.39 1 0
dupclean/gui/duplicate_finder.go:151.39,153.5 1 0
dupclean/gui/duplicate_finder.go:155.3,156.53 2 0
dupclean/gui/duplicate_finder.go:159.2,159.84 1 1
dupclean/gui/duplicate_finder.go:159.84,163.18 1 0
dupclean/gui/duplicate_finder.go:163.18,164.11 1 0
dupclean/gui/duplicate_finder.go:164.11,166.6 1 0
dupclean/gui/duplicate_finder.go:171.2,179.94 3 1
dupclean/gui/duplicate_finder.go:183.66,190.79 2 0
dupclean/gui/duplicate_finder.go:190.79,192.3 1 0
dupclean/gui/duplicate_finder.go:193.2,202.3 2 0
dupclean/gui/duplicate_finder.go:206.62,208.29 2 1
dupclean/gui/duplicate_finder.go:208.29,210.3 1 0
dupclean/gui/duplicate_finder.go:210.8,212.3 1 1
dupclean/gui/duplicate_finder.go:214.2,214.28 1 1
dupclean/gui/duplicate_finder.go:214.28,216.3 1 0
dupclean/gui/duplicate_finder.go:218.2,218.88 1 1
dupclean/gui/duplicate_finder.go:218.88,227.3 8 0
dupclean/gui/duplicate_finder.go:228.2,230.73 2 1
dupclean/gui/duplicate_finder.go:230.73,232.3 1 0
dupclean/gui/duplicate_finder.go:234.2,243.3 2 1
dupclean/gui/duplicate_finder.go:247.44,248.28 1 1
dupclean/gui/duplicate_finder.go:248.28,251.3 2 0
dupclean/gui/duplicate_finder.go:252.2,252.52 1 1
dupclean/gui/duplicate_finder.go:255.56,256.133 1 0
dupclean/gui/duplicate_finder.go:256.133,258.3 1 0
dupclean/gui/duplicate_finder.go:260.2,260.104 1 0
dupclean/gui/duplicate_finder.go:263.54,264.93 1 0
dupclean/gui/duplicate_finder.go:264.93,266.3 1 0
dupclean/gui/duplicate_finder.go:268.2,268.95 1 0
dupclean/gui/duplicate_finder.go:268.95,270.3 1 0
dupclean/gui/duplicate_finder.go:271.2,278.86 3 0
dupclean/gui/duplicate_finder.go:281.55,306.2 10 0
dupclean/gui/duplicate_finder.go:308.94,309.79 1 0
dupclean/gui/duplicate_finder.go:309.79,310.29 1 0
dupclean/gui/duplicate_finder.go:310.29,313.4 2 0
dupclean/gui/duplicate_finder.go:314.3,315.34 2 0
dupclean/gui/duplicate_finder.go:315.34,318.4 2 0
dupclean/gui/duplicate_finder.go:319.3,319.34 1 0
dupclean/gui/duplicate_finder.go:319.34,321.4 1 0
dupclean/gui/duplicate_finder.go:323.2,331.44 5 0
dupclean/gui/duplicate_finder.go:331.44,333.17 2 0
dupclean/gui/duplicate_finder.go:333.17,335.4 1 0
dupclean/gui/duplicate_finder.go:335.9,337.4 1 0
dupclean/gui/duplicate_finder.go:340.2,340.16 1 0
dupclean/gui/duplicate_finder.go:343.76,354.12 9 1
dupclean/gui/duplicate_finder.go:354.12,355.59 1 1
dupclean/gui/duplicate_finder.go:355.59,356.19 1 0
dupclean/gui/duplicate_finder.go:356.19,359.5 2 0
dupclean/gui/duplicate_finder.go:362.3,370.17 8 1
dupclean/gui/duplicate_finder.go:370.17,374.19 4 0
dupclean/gui/duplicate_finder.go:374.19,377.5 2 0
dupclean/gui/duplicate_finder.go:378.4,378.10 1 0
dupclean/gui/duplicate_finder.go:381.3,381.18 1 1
dupclean/gui/duplicate_finder.go:381.18,385.4 3 1
dupclean/gui/duplicate_finder.go:388.3,388.42 1 1
dupclean/gui/duplicate_finder.go:388.42,390.4 1 0
dupclean/gui/duplicate_finder.go:393.3,399.25 6 1
dupclean/gui/duplicate_finder.go:399.25,401.52 1 1
dupclean/gui/duplicate_finder.go:401.52,404.17 3 1
dupclean/gui/duplicate_finder.go:404.17,406.6 1 0
dupclean/gui/duplicate_finder.go:407.5,407.73 1 1
dupclean/gui/duplicate_finder.go:410.4,411.32 2 1
dupclean/gui/duplicate_finder.go:411.32,413.5 1 1
dupclean/gui/duplicate_finder.go:415.3,417.30 2 1
dupclean/gui/duplicate_finder.go:421.46,422.16 1 1
dupclean/gui/duplicate_finder.go:422.16,424.3 1 0
dupclean/gui/duplicate_finder.go:425.2,426.16 2 1
dupclean/gui/duplicate_finder.go:426.16,428.3 1 0
dupclean/gui/duplicate_finder.go:431.2,431.30 1 1
dupclean/gui/duplicate_finder.go:431.30,433.3 1 0
dupclean/gui/duplicate_finder.go:435.2,436.31 2 1
dupclean/gui/duplicate_finder.go:436.31,438.3 1 0
dupclean/gui/duplicate_finder.go:440.2,440.12 1 1
dupclean/gui/duplicate_finder.go:443.37,450.34 6 1
dupclean/gui/duplicate_finder.go:450.34,453.3 2 1
dupclean/gui/duplicate_finder.go:454.2,461.31 6 1
dupclean/gui/duplicate_finder.go:461.31,462.33 1 1
dupclean/gui/duplicate_finder.go:462.33,463.25 1 2
dupclean/gui/duplicate_finder.go:463.25,465.56 1 1
dupclean/gui/duplicate_finder.go:465.56,469.14 4 0
dupclean/gui/duplicate_finder.go:472.5,472.40 1 1
dupclean/gui/duplicate_finder.go:472.40,476.14 4 0
dupclean/gui/duplicate_finder.go:478.5,478.47 1 1
dupclean/gui/duplicate_finder.go:478.47,481.6 2 1
dupclean/gui/duplicate_finder.go:486.2,495.50 9 1
dupclean/gui/duplicate_finder.go:498.60,505.31 5 1
dupclean/gui/duplicate_finder.go:505.31,512.33 4 1
dupclean/gui/duplicate_finder.go:512.33,514.4 1 2
dupclean/gui/duplicate_finder.go:516.3,517.25 2 1
dupclean/gui/duplicate_finder.go:520.2,520.18 1 1
dupclean/gui/duplicate_finder.go:523.98,528.58 2 2
dupclean/gui/duplicate_finder.go:528.58,530.90 2 0
dupclean/gui/duplicate_finder.go:530.90,532.4 1 0
dupclean/gui/duplicate_finder.go:533.3,533.20 1 0
dupclean/gui/duplicate_finder.go:535.2,536.89 2 2
dupclean/gui/duplicate_finder.go:536.89,538.3 1 2
dupclean/gui/duplicate_finder.go:539.2,553.71 9 2
dupclean/gui/duplicate_finder.go:553.71,554.34 1 0
dupclean/gui/duplicate_finder.go:554.34,557.4 2 0
dupclean/gui/duplicate_finder.go:557.9,559.35 2 0
dupclean/gui/duplicate_finder.go:559.35,561.5 1 0
dupclean/gui/duplicate_finder.go:562.4,562.42 1 0
dupclean/gui/duplicate_finder.go:566.2,566.78 1 2
dupclean/gui/duplicate_finder.go:569.78,576.2 4 5
dupclean/gui/duplicate_finder.go:580.84,581.21 1 9
dupclean/gui/duplicate_finder.go:581.21,583.3 1 0
dupclean/gui/duplicate_finder.go:584.2,586.28 2 9
dupclean/gui/duplicate_finder.go:586.28,587.23 1 18
dupclean/gui/duplicate_finder.go:587.23,588.12 1 9
dupclean/gui/duplicate_finder.go:591.3,591.38 1 9
dupclean/gui/duplicate_finder.go:591.38,595.12 4 4
dupclean/gui/duplicate_finder.go:598.3,598.45 1 5
dupclean/gui/duplicate_finder.go:598.45,601.4 2 4
dupclean/gui/duplicate_finder.go:601.9,605.4 3 1
dupclean/gui/duplicate_finder.go:610.2,610.33 1 9
dupclean/gui/duplicate_finder.go:610.33,611.26 1 8
dupclean/gui/duplicate_finder.go:611.26,613.33 2 7
dupclean/gui/duplicate_finder.go:613.33,615.5 1 0
dupclean/gui/duplicate_finder.go:616.4,616.9 1 7
dupclean/gui/duplicate_finder.go:622.37,630.27 5 1
dupclean/gui/duplicate_finder.go:630.27,632.21 2 2
dupclean/gui/duplicate_finder.go:632.21,633.12 1 0
dupclean/gui/duplicate_finder.go:637.3,637.41 1 2
dupclean/gui/duplicate_finder.go:637.41,640.16 3 2
dupclean/gui/duplicate_finder.go:640.16,642.5 1 0
dupclean/gui/duplicate_finder.go:643.4,643.52 1 2
dupclean/gui/duplicate_finder.go:647.3,647.39 1 2
dupclean/gui/duplicate_finder.go:649.2,651.33 2 1
dupclean/gui/duplicate_finder.go:651.33,653.3 1 0
dupclean/gui/duplicate_finder.go:656.64,660.16 3 10
dupclean/gui/duplicate_finder.go:660.16,663.3 2 10
dupclean/gui/duplicate_finder.go:665.2,669.28 5 0
dupclean/gui/duplicate_finder.go:669.28,670.25 1 0
dupclean/gui/duplicate_finder.go:670.25,672.4 1 0
dupclean/gui/duplicate_finder.go:674.3,674.10 1 0
dupclean/gui/duplicate_finder.go:675.39,675.39 0 0
dupclean/gui/duplicate_finder.go:676.11,676.11 0 0
dupclean/gui/duplicate_finder.go:678.3,678.24 1 0
dupclean/gui/duplicate_finder.go:678.24,680.4 1 0
dupclean/gui/duplicate_finder.go:682.2,684.12 2 0
dupclean/gui/duplicate_finder.go:684.12,686.17 2 0
dupclean/gui/duplicate_finder.go:686.17,689.14 2 0
dupclean/gui/duplicate_finder.go:689.14,689.36 1 0
dupclean/gui/duplicate_finder.go:691.4,691.11 1 0
dupclean/gui/duplicate_finder.go:692.16,692.16 0 0
dupclean/gui/duplicate_finder.go:694.40,696.27 1 0
dupclean/gui/duplicate_finder.go:696.27,698.6 1 0
dupclean/gui/duplicate_finder.go:702.3,703.33 2 0
dupclean/gui/duplicate_finder.go:703.33,707.4 3 0
dupclean/gui/duplicate_finder.go:709.3,709.10 1 0
dupclean/gui/duplicate_finder.go:710.39,710.39 0 0
dupclean/gui/duplicate_finder.go:711.11,711.11 0 0
dupclean/gui/duplicate_finder.go:713.3,714.24 2 0
dupclean/gui/duplicate_finder.go:714.24,716.4 1 0
dupclean/gui/duplicate_finder.go:720.58,727.14 4 0
dupclean/gui/duplicate_finder.go:727.14,727.44 1 0
dupclean/gui/duplicate_finder.go:728.28,733.4 1 0
dupclean/gui/duplicate_finder.go:734.52,739.26 5 0
dupclean/gui/duplicate_finder.go:739.26,742.5 2 0
dupclean/gui/duplicate_finder.go:745.2,748.88 3 0
dupclean/gui/duplicate_finder.go:748.88,749.63 1 0
dupclean/gui/duplicate_finder.go:749.63,750.32 1 0
dupclean/gui/duplicate_finder.go:750.32,752.5 1 0
dupclean/gui/duplicate_finder.go:753.4,754.24 2 0
dupclean/gui/duplicate_finder.go:758.2,778.90 8 0
dupclean/gui/duplicate_finder.go:778.90,779.10 1 0
dupclean/gui/duplicate_finder.go:779.10,781.4 1 0
dupclean/gui/duplicate_finder.go:784.3,785.28 2 0
dupclean/gui/duplicate_finder.go:785.28,787.17 2 0
dupclean/gui/duplicate_finder.go:787.17,788.13 1 0
dupclean/gui/duplicate_finder.go:790.4,790.36 1 0
dupclean/gui/duplicate_finder.go:790.36,792.5 1 0
dupclean/gui/duplicate_finder.go:794.4,794.30 1 0
dupclean/gui/duplicate_finder.go:794.30,800.5 2 0
dupclean/gui/duplicate_finder.go:803.3,805.28 3 0
dupclean/gui/duplicate_finder.go:805.28,807.17 2 0
dupclean/gui/duplicate_finder.go:807.17,808.37 1 0
dupclean/gui/duplicate_finder.go:808.37,810.6 1 0
dupclean/gui/duplicate_finder.go:812.5,812.30 1 0
dupclean/gui/duplicate_finder.go:812.30,814.6 1 0
dupclean/gui/duplicate_finder.go:814.11,817.6 2 0
dupclean/gui/duplicate_finder.go:820.3,820.23 1 0
dupclean/gui/duplicate_finder.go:820.23,822.4 1 0
dupclean/gui/duplicate_finder.go:827.40,828.15 1 104
dupclean/gui/duplicate_finder.go:828.15,830.3 1 1
dupclean/gui/duplicate_finder.go:831.2,831.34 1 103
dupclean/gui/duplicate_finder.go:831.34,833.3 1 1
dupclean/gui/duplicate_finder.go:834.2,834.19 1 102
dupclean/gui/duplicate_finder.go:834.19,836.3 1 1
dupclean/gui/duplicate_finder.go:837.2,837.19 1 101
dupclean/gui/duplicate_finder.go:837.19,839.3 1 2
dupclean/gui/duplicate_finder.go:841.2,841.52 1 99
dupclean/gui/duplicate_finder.go:844.36,846.29 2 30
dupclean/gui/duplicate_finder.go:846.29,859.10 6 1
dupclean/gui/duplicate_finder.go:860.21,860.21 0 1
dupclean/gui/duplicate_finder.go:862.38,864.79 1 0
dupclean/gui/duplicate_finder.go:866.8,868.3 1 29
dupclean/gui/sidebar.go:19.48,24.14 3 8
dupclean/gui/sidebar.go:24.14,24.34 1 37
dupclean/gui/sidebar.go:25.28,36.4 4 9
dupclean/gui/sidebar.go:37.52,38.31 1 0
dupclean/gui/sidebar.go:38.31,40.5 1 0
dupclean/gui/sidebar.go:42.4,52.21 8 0
dupclean/gui/sidebar.go:52.21,54.5 1 0
dupclean/gui/sidebar.go:54.10,56.5 1 0
dupclean/gui/sidebar.go:60.2,60.47 1 8
dupclean/gui/sidebar.go:60.47,63.3 2 6
dupclean/gui/sidebar.go:65.2,65.13 1 8
dupclean/gui/sidebar.go:69.40,104.2 5 2
dupclean/gui/state.go:18.30,20.49 1 12
dupclean/gui/state.go:20.49,22.3 1 11
dupclean/gui/state.go:25.2,25.49 1 1
dupclean/gui/state.go:25.49,27.3 1 0
dupclean/gui/state.go:30.2,30.46 1 1
dupclean/gui/state.go:30.46,32.3 1 0
dupclean/gui/state.go:35.2,35.28 1 1
dupclean/gui/state.go:36.12,38.93 1 0
dupclean/gui/state.go:39.10,41.29 1 1
dupclean/gui/state.go:46.27,51.50 3 0
dupclean/gui/state.go:51.50,53.3 1 0
dupclean/gui/state.go:55.2,56.16 2 0
dupclean/gui/state.go:56.16,58.3 1 0
dupclean/gui/state.go:60.2,63.12 4 0
dupclean/gui/state.go:107.38,111.45 4 0
dupclean/gui/state.go:111.45,112.14 1 0
dupclean/gui/state.go:112.14,114.4 1 0
dupclean/gui/state.go:114.9,116.4 1 0
dupclean/gui/state.go:120.46,124.25 4 5
dupclean/gui/state.go:124.25,126.3 1 0
dupclean/gui/theme.go:12.96,14.34 1 0
dupclean/gui/theme.go:14.34,15.15 1 0
dupclean/gui/theme.go:16.31,17.58 1 0
dupclean/gui/theme.go:18.34,19.58 1 0
dupclean/gui/theme.go:20.38,21.58 1 0
dupclean/gui/theme.go:22.33,23.58 1 0
dupclean/gui/theme.go:24.29,25.58 1 0
dupclean/gui/theme.go:26.30,27.58 1 0
dupclean/gui/theme.go:28.39,29.58 1 0
dupclean/gui/theme.go:30.33,31.58 1 0
dupclean/gui/theme.go:32.33,33.58 1 0
dupclean/gui/theme.go:35.8,37.15 1 0
dupclean/gui/theme.go:38.31,39.58 1 0
dupclean/gui/theme.go:43.2,43.50 1 0
dupclean/gui/theme.go:46.69,48.2 1 0
dupclean/gui/theme.go:50.66,52.2 1 0
dupclean/gui/theme.go:54.63,55.35 1 0
dupclean/gui/theme.go:55.35,57.3 1 0
dupclean/gui/theme.go:58.2,58.38 1 0
dupclean/gui/theme.go:58.38,60.3 1 0
dupclean/gui/theme.go:61.2,61.39 1 0
dupclean/gui/theme.go:61.39,63.3 1 0
dupclean/gui/theme.go:64.2,64.42 1 0
dupclean/gui/theme.go:64.42,66.3 1 0
dupclean/gui/theme.go:67.2,67.32 1 0
dupclean/gui/theme.go:67.32,69.3 1 0
dupclean/gui/theme.go:70.2,70.40 1 0
dupclean/gui/theme.go:73.36,75.2 1 0
dupclean/gui/updater.go:59.51,64.2 1 0
dupclean/gui/updater.go:66.59,74.91 6 0
dupclean/gui/updater.go:74.91,78.13 3 0
dupclean/gui/updater.go:78.13,81.19 2 0
dupclean/gui/updater.go:81.19,83.19 2 0
dupclean/gui/updater.go:83.19,86.6 2 0
dupclean/gui/updater.go:88.5,89.66 2 0
dupclean/gui/updater.go:89.66,93.6 3 0
dupclean/gui/updater.go:93.11,96.6 2 0
dupclean/gui/updater.go:101.2,101.95 1 0
dupclean/gui/updater.go:101.95,103.3 1 0
dupclean/gui/updater.go:105.2,118.3 3 0
dupclean/gui/updater.go:121.48,124.16 3 0
dupclean/gui/updater.go:124.16,126.3 1 0
dupclean/gui/updater.go:127.2,127.15 1 0
dupclean/gui/updater.go:127.15,127.40 1 0
dupclean/gui/updater.go:129.2,129.38 1 0
dupclean/gui/updater.go:129.38,131.3 1 0
dupclean/gui/updater.go:133.2,134.68 2 0
dupclean/gui/updater.go:134.68,136.3 1 0
dupclean/gui/updater.go:138.2,138.22 1 0
dupclean/gui/updater.go:141.50,148.60 5 0
dupclean/gui/updater.go:148.60,153.12 4 0
dupclean/gui/updater.go:153.12,155.4 1 0
dupclean/gui/updater.go:156.3,156.12 1 0
dupclean/gui/updater.go:156.12,158.4 1 0
dupclean/gui/updater.go:161.2,161.40 1 0
dupclean/gui/updater.go:164.68,180.47 6 0
dupclean/gui/updater.go:180.47,182.3 1 0
dupclean/gui/updater.go:183.2,198.105 8 0
dupclean/gui/updater.go:198.105,199.14 1 0
dupclean/gui/updater.go:199.14,201.4 1 0
dupclean/gui/updater.go:205.76,209.31 3 0
dupclean/gui/updater.go:209.31,211.3 1 0
dupclean/gui/updater.go:214.2,216.39 3 0
dupclean/gui/updater.go:216.39,217.28 1 0
dupclean/gui/updater.go:217.28,220.9 3 0
dupclean/gui/updater.go:224.2,224.23 1 0
dupclean/gui/updater.go:224.23,228.3 2 0
dupclean/gui/updater.go:230.2,237.12 4 0
dupclean/gui/updater.go:237.12,240.18 2 0
dupclean/gui/updater.go:240.18,242.18 2 0
dupclean/gui/updater.go:242.18,244.5 1 0
dupclean/gui/updater.go:244.10,246.26 2 0
dupclean/gui/updater.go:246.26,248.6 1 0
dupclean/gui/updater.go:249.5,249.13 1 0
dupclean/gui/updater.go:255.19,257.16 2 0
dupclean/gui/updater.go:257.16,260.3 2 0
dupclean/gui/updater.go:262.2,266.88 3 0
dupclean/gui/updater.go:266.88,270.3 3 0
dupclean/gui/updater.go:270.8,272.3 1 0
dupclean/gui/updater.go:277.2,279.16 2 0
dupclean/gui/updater.go:279.16,281.3 1 0
dupclean/gui/updater.go:283.2,283.12 1 0
dupclean/gui/updater.go:286.86,288.28 1 0
dupclean/gui/updater.go:288.28,290.3 1 0
dupclean/gui/updater.go:293.2,295.16 3 0
dupclean/gui/updater.go:295.16,297.3 1 0
dupclean/gui/updater.go:298.2,298.15 1 0
dupclean/gui/updater.go:298.15,298.40 1 0
dupclean/gui/updater.go:300.2,301.16 2 0
dupclean/gui/updater.go:301.16,303.3 1 0
dupclean/gui/updater.go:304.2,304.15 1 0
dupclean/gui/updater.go:304.15,304.48 1 0
dupclean/gui/updater.go:305.2,305.15 1 0
dupclean/gui/updater.go:305.15,305.38 1 0
dupclean/gui/updater.go:308.2,313.6 5 0
dupclean/gui/updater.go:313.6,315.12 2 0
dupclean/gui/updater.go:315.12,316.57 1 0
dupclean/gui/updater.go:316.57,318.5 1 0
dupclean/gui/updater.go:319.4,320.16 2 0
dupclean/gui/updater.go:320.16,322.5 1 0
dupclean/gui/updater.go:324.3,324.20 1 0
dupclean/gui/updater.go:324.20,325.9 1 0
dupclean/gui/updater.go:327.3,327.17 1 0
dupclean/gui/updater.go:327.17,329.4 1 0
dupclean/gui/updater.go:331.2,338.16 5 0
dupclean/gui/updater.go:338.16,340.3 1 0
dupclean/gui/updater.go:341.2,341.14 1 0
dupclean/gui/updater.go:341.14,343.3 1 0
dupclean/gui/updater.go:346.2,348.16 3 0
dupclean/gui/updater.go:348.16,350.3 1 0
dupclean/gui/updater.go:355.2,356.16 2 0
dupclean/gui/updater.go:356.16,358.3 1 0
dupclean/gui/updater.go:359.2,361.15 3 0
dupclean/gui/updater.go:361.15,361.47 1 0
dupclean/gui/updater.go:363.2,363.36 1 0
dupclean/gui/updater.go:363.36,365.3 1 0
dupclean/gui/updater.go:365.8,367.3 1 0
dupclean/gui/updater.go:368.2,368.16 1 0
dupclean/gui/updater.go:368.16,370.3 1 0
dupclean/gui/updater.go:373.2,376.50 2 0
dupclean/gui/updater.go:376.50,378.32 1 0
dupclean/gui/updater.go:378.32,381.50 3 0
dupclean/gui/updater.go:381.50,383.5 1 0
dupclean/gui/updater.go:384.9,387.4 1 0
dupclean/gui/updater.go:389.3,389.45 1 0
dupclean/gui/updater.go:389.45,391.53 1 0
dupclean/gui/updater.go:391.53,393.5 1 0
dupclean/gui/updater.go:395.3,395.13 1 0
dupclean/gui/updater.go:398.2,399.16 2 0
dupclean/gui/updater.go:399.16,401.85 1 0
dupclean/gui/updater.go:401.85,402.87 1 0
dupclean/gui/updater.go:402.87,405.5 2 0
dupclean/gui/updater.go:409.3,409.57 1 0
dupclean/gui/updater.go:409.57,410.83 1 0
dupclean/gui/updater.go:410.83,412.5 1 0
dupclean/gui/updater.go:413.4,413.73 1 0
dupclean/gui/updater.go:415.3,415.13 1 0
dupclean/gui/updater.go:419.2,419.31 1 0
dupclean/gui/updater.go:419.31,421.3 1 0
dupclean/gui/updater.go:423.2,424.12 2 0
dupclean/gui/updater.go:429.55,433.33 3 0
dupclean/gui/updater.go:433.33,434.32 1 0
dupclean/gui/updater.go:434.32,436.9 2 0
dupclean/gui/updater.go:439.2,439.16 1 0
dupclean/gui/updater.go:439.16,441.3 1 0
dupclean/gui/updater.go:446.2,450.18 3 0
dupclean/gui/updater.go:454.43,456.16 2 0
dupclean/gui/updater.go:456.16,458.3 1 0
dupclean/gui/updater.go:459.2,459.86 1 0
dupclean/gui/updater.go:462.69,464.16 2 0
dupclean/gui/updater.go:464.16,466.3 1 0
dupclean/gui/updater.go:467.2,467.15 1 0
dupclean/gui/updater.go:467.15,467.32 1 0
dupclean/gui/updater.go:469.2,470.41 2 0
dupclean/gui/updater.go:470.41,472.3 1 0
dupclean/gui/updater.go:474.2,475.57 2 0
dupclean/gui/updater.go:479.38,481.16 2 0
dupclean/gui/updater.go:481.16,483.3 1 0
dupclean/gui/updater.go:484.2,484.15 1 0
dupclean/gui/updater.go:484.15,484.37 1 0
dupclean/gui/updater.go:487.2,488.16 2 0
dupclean/gui/updater.go:488.16,490.3 1 0
dupclean/gui/updater.go:491.2,491.15 1 0
dupclean/gui/updater.go:491.15,491.42 1 0
dupclean/gui/updater.go:493.2,494.12 2 0
dupclean/gui/updater.go:497.57,499.16 2 1
dupclean/gui/updater.go:499.16,501.3 1 0
dupclean/gui/updater.go:502.2,502.15 1 1
dupclean/gui/updater.go:502.15,502.32 1 1
dupclean/gui/updater.go:504.2,505.16 2 1
dupclean/gui/updater.go:505.16,507.3 1 0
dupclean/gui/updater.go:508.2,508.15 1 1
dupclean/gui/updater.go:508.15,508.34 1 1
dupclean/gui/updater.go:510.2,511.6 2 1
dupclean/gui/updater.go:511.6,513.20 2 1
dupclean/gui/updater.go:513.20,514.9 1 0
dupclean/gui/updater.go:516.3,516.17 1 1
dupclean/gui/updater.go:516.17,518.4 1 0
dupclean/gui/updater.go:521.3,521.99 1 1
dupclean/gui/updater.go:521.99,523.74 1 1
dupclean/gui/updater.go:523.74,525.5 1 1
dupclean/gui/updater.go:526.4,527.18 2 0
dupclean/gui/updater.go:527.18,529.5 1 0
dupclean/gui/updater.go:530.4,530.46 1 0
dupclean/gui/updater.go:530.46,533.5 2 0
dupclean/gui/updater.go:534.4,535.14 2 0
dupclean/gui/updater.go:538.2,538.57 1 0
dupclean/gui/updater.go:541.53,543.16 2 1
dupclean/gui/updater.go:543.16,545.3 1 0
dupclean/gui/updater.go:546.2,546.15 1 1
dupclean/gui/updater.go:546.15,546.32 1 1
dupclean/gui/updater.go:548.2,548.27 1 1
dupclean/gui/updater.go:548.27,549.85 1 1
dupclean/gui/updater.go:549.85,551.64 1 1
dupclean/gui/updater.go:551.64,553.5 1 1
dupclean/gui/updater.go:554.4,555.18 2 0
dupclean/gui/updater.go:555.18,557.5 1 0
dupclean/gui/updater.go:559.4,560.18 2 0
dupclean/gui/updater.go:560.18,563.5 2 0
dupclean/gui/updater.go:565.4,565.46 1 0
dupclean/gui/updater.go:565.46,569.5 3 0
dupclean/gui/updater.go:571.4,573.14 3 0
dupclean/gui/updater.go:576.2,576.57 1 0
